mode: set
github.com/stg-tud/bp2022_netlab/internal/networktypes/emane.go:6.30,8.2 1 0
github.com/stg-tud/bp2022_netlab/internal/networktypes/emane.go:11.30,13.2 1 1
github.com/stg-tud/bp2022_netlab/internal/folderstructure/existingpaths.go:13.38,15.23 2 1
github.com/stg-tud/bp2022_netlab/internal/folderstructure/existingpaths.go:18.2,19.27 2 1
github.com/stg-tud/bp2022_netlab/internal/folderstructure/existingpaths.go:15.23,17.3 1 0
github.com/stg-tud/bp2022_netlab/internal/outputgenerators/theone.go:56.31,58.2 1 0
github.com/stg-tud/bp2022_netlab/internal/outputgenerators/theone.go:61.24,63.2 1 1
github.com/stg-tud/bp2022_netlab/internal/outputgenerators/theone.go:66.94,67.36 1 1
github.com/stg-tud/bp2022_netlab/internal/outputgenerators/theone.go:68.39,69.26 1 1
github.com/stg-tud/bp2022_netlab/internal/outputgenerators/theone.go:70.31,71.18 1 1
github.com/stg-tud/bp2022_netlab/internal/outputgenerators/theone.go:72.10,73.12 1 0
github.com/stg-tud/bp2022_netlab/internal/outputgenerators/theone.go:78.64,82.47 3 1
github.com/stg-tud/bp2022_netlab/internal/outputgenerators/theone.go:93.2,93.15 1 1
github.com/stg-tud/bp2022_netlab/internal/outputgenerators/theone.go:82.47,92.3 2 1
github.com/stg-tud/bp2022_netlab/internal/outputgenerators/theone.go:98.96,100.42 2 1
github.com/stg-tud/bp2022_netlab/internal/outputgenerators/theone.go:121.2,121.17 1 1
github.com/stg-tud/bp2022_netlab/internal/outputgenerators/theone.go:100.42,103.48 3 1
github.com/stg-tud/bp2022_netlab/internal/outputgenerators/theone.go:113.3,118.34 2 1
github.com/stg-tud/bp2022_netlab/internal/outputgenerators/theone.go:104.33,106.38 2 1
github.com/stg-tud/bp2022_netlab/internal/outputgenerators/theone.go:108.30,110.38 2 1
github.com/stg-tud/bp2022_netlab/internal/outputgenerators/theone.go:125.100,127.56 2 1
github.com/stg-tud/bp2022_netlab/internal/outputgenerators/theone.go:135.2,135.24 1 1
github.com/stg-tud/bp2022_netlab/internal/outputgenerators/theone.go:127.56,134.3 2 1
github.com/stg-tud/bp2022_netlab/internal/outputgenerators/theone.go:139.53,142.16 3 1
github.com/stg-tud/bp2022_netlab/internal/outputgenerators/theone.go:146.2,147.52 2 1
github.com/stg-tud/bp2022_netlab/internal/outputgenerators/theone.go:151.2,153.16 3 1
github.com/stg-tud/bp2022_netlab/internal/outputgenerators/theone.go:157.2,157.15 1 1
github.com/stg-tud/bp2022_netlab/internal/outputgenerators/theone.go:165.2,182.16 5 1
github.com/stg-tud/bp2022_netlab/internal/outputgenerators/theone.go:186.2,187.16 2 1
github.com/stg-tud/bp2022_netlab/internal/outputgenerators/theone.go:191.2,191.37 1 1
github.com/stg-tud/bp2022_netlab/internal/outputgenerators/theone.go:142.16,145.3 2 0
github.com/stg-tud/bp2022_netlab/internal/outputgenerators/theone.go:147.52,150.3 2 0
github.com/stg-tud/bp2022_netlab/internal/outputgenerators/theone.go:153.16,156.3 2 0
github.com/stg-tud/bp2022_netlab/internal/outputgenerators/theone.go:157.15,158.43 1 1
github.com/stg-tud/bp2022_netlab/internal/outputgenerators/theone.go:158.43,160.4 1 0
github.com/stg-tud/bp2022_netlab/internal/outputgenerators/theone.go:182.16,185.3 2 0
github.com/stg-tud/bp2022_netlab/internal/outputgenerators/theone.go:187.16,190.3 2 0
github.com/stg-tud/bp2022_netlab/internal/eventgeneratortypes/messageburstgenerator.go:18.46,20.2 1 0
github.com/stg-tud/bp2022_netlab/internal/eventgeneratortypes/messageburstgenerator.go:23.62,43.2 1 1
github.com/stg-tud/bp2022_netlab/internal/experiment/eventgenerator.go:16.120,17.20 1 1
github.com/stg-tud/bp2022_netlab/internal/experiment/eventgenerator.go:20.2,23.8 1 1
github.com/stg-tud/bp2022_netlab/internal/experiment/eventgenerator.go:17.20,19.3 1 0
github.com/stg-tud/bp2022_netlab/internal/experiment/eventgenerator.go:27.68,29.2 1 0
github.com/stg-tud/bp2022_netlab/internal/experiment/example_data.go:10.40,52.2 22 0
github.com/stg-tud/bp2022_netlab/internal/parser/experiment.go:44.83,48.16 3 0
github.com/stg-tud/bp2022_netlab/internal/parser/experiment.go:52.2,58.34 7 0
github.com/stg-tud/bp2022_netlab/internal/parser/experiment.go:63.2,64.16 2 0
github.com/stg-tud/bp2022_netlab/internal/parser/experiment.go:67.2,69.28 2 0
github.com/stg-tud/bp2022_netlab/internal/parser/experiment.go:73.2,73.20 1 0
github.com/stg-tud/bp2022_netlab/internal/parser/experiment.go:48.16,50.3 1 0
github.com/stg-tud/bp2022_netlab/internal/parser/experiment.go:58.34,61.3 2 0
github.com/stg-tud/bp2022_netlab/internal/parser/experiment.go:64.16,66.3 1 0
github.com/stg-tud/bp2022_netlab/internal/parser/experiment.go:69.28,71.3 1 0
github.com/stg-tud/bp2022_netlab/internal/parser/experiment.go:77.55,79.37 2 0
github.com/stg-tud/bp2022_netlab/internal/parser/experiment.go:91.2,91.15 1 0
github.com/stg-tud/bp2022_netlab/internal/parser/experiment.go:79.37,80.40 1 0
github.com/stg-tud/bp2022_netlab/internal/parser/experiment.go:81.38,82.50 1 0
github.com/stg-tud/bp2022_netlab/internal/parser/experiment.go:83.75,84.56 1 0
github.com/stg-tud/bp2022_netlab/internal/parser/experiment.go:85.35,86.52 1 0
github.com/stg-tud/bp2022_netlab/internal/parser/experiment.go:87.11,88.82 1 0
github.com/stg-tud/bp2022_netlab/internal/outputgenerators/core.go:20.29,22.2 1 0
github.com/stg-tud/bp2022_netlab/internal/outputgenerators/core.go:74.74,77.44 3 1
github.com/stg-tud/bp2022_netlab/internal/outputgenerators/core.go:84.2,84.21 1 1
github.com/stg-tud/bp2022_netlab/internal/outputgenerators/core.go:77.44,80.46 3 1
github.com/stg-tud/bp2022_netlab/internal/outputgenerators/core.go:80.46,82.4 1 1
github.com/stg-tud/bp2022_netlab/internal/outputgenerators/core.go:88.26,91.2 2 1
github.com/stg-tud/bp2022_netlab/internal/outputgenerators/core.go:94.56,96.2 1 1
github.com/stg-tud/bp2022_netlab/internal/outputgenerators/core.go:99.146,102.16 3 1
github.com/stg-tud/bp2022_netlab/internal/outputgenerators/core.go:106.2,110.16 4 1
github.com/stg-tud/bp2022_netlab/internal/outputgenerators/core.go:114.2,117.42 3 1
github.com/stg-tud/bp2022_netlab/internal/outputgenerators/core.go:102.16,105.3 2 0
github.com/stg-tud/bp2022_netlab/internal/outputgenerators/core.go:110.16,113.3 2 0
github.com/stg-tud/bp2022_netlab/internal/outputgenerators/core.go:121.70,122.28 1 1
github.com/stg-tud/bp2022_netlab/internal/outputgenerators/core.go:123.32,124.24 1 1
github.com/stg-tud/bp2022_netlab/internal/outputgenerators/core.go:126.27,127.18 1 1
github.com/stg-tud/bp2022_netlab/internal/outputgenerators/core.go:129.29,130.20 1 1
github.com/stg-tud/bp2022_netlab/internal/outputgenerators/core.go:132.24,133.15 1 1
github.com/stg-tud/bp2022_netlab/internal/outputgenerators/core.go:135.26,136.17 1 1
github.com/stg-tud/bp2022_netlab/internal/outputgenerators/core.go:138.10,139.12 1 0
github.com/stg-tud/bp2022_netlab/internal/outputgenerators/core.go:144.63,145.20 1 1
github.com/stg-tud/bp2022_netlab/internal/outputgenerators/core.go:146.33,147.18 1 1
github.com/stg-tud/bp2022_netlab/internal/outputgenerators/core.go:149.29,150.14 1 1
github.com/stg-tud/bp2022_netlab/internal/outputgenerators/core.go:152.10,153.12 1 0
github.com/stg-tud/bp2022_netlab/internal/outputgenerators/core.go:158.109,162.30 4 1
github.com/stg-tud/bp2022_netlab/internal/outputgenerators/core.go:182.2,182.38 1 1
github.com/stg-tud/bp2022_netlab/internal/outputgenerators/core.go:162.30,181.3 7 1
github.com/stg-tud/bp2022_netlab/internal/outputgenerators/core.go:186.147,189.44 3 1
github.com/stg-tud/bp2022_netlab/internal/outputgenerators/core.go:201.2,209.17 2 1
github.com/stg-tud/bp2022_netlab/internal/outputgenerators/core.go:189.44,199.3 3 1
github.com/stg-tud/bp2022_netlab/internal/outputgenerators/core.go:213.122,216.43 3 1
github.com/stg-tud/bp2022_netlab/internal/outputgenerators/core.go:232.2,232.21 1 1
github.com/stg-tud/bp2022_netlab/internal/outputgenerators/core.go:216.43,219.55 3 1
github.com/stg-tud/bp2022_netlab/internal/outputgenerators/core.go:223.3,224.62 2 1
github.com/stg-tud/bp2022_netlab/internal/outputgenerators/core.go:219.55,222.4 2 1
github.com/stg-tud/bp2022_netlab/internal/outputgenerators/core.go:224.62,226.18 2 1
github.com/stg-tud/bp2022_netlab/internal/outputgenerators/core.go:229.4,229.34 1 1
github.com/stg-tud/bp2022_netlab/internal/outputgenerators/core.go:226.18,228.5 1 0
github.com/stg-tud/bp2022_netlab/internal/outputgenerators/core.go:236.51,242.16 5 1
github.com/stg-tud/bp2022_netlab/internal/outputgenerators/core.go:246.2,247.52 2 1
github.com/stg-tud/bp2022_netlab/internal/outputgenerators/core.go:251.2,253.16 3 1
github.com/stg-tud/bp2022_netlab/internal/outputgenerators/core.go:256.2,256.15 1 1
github.com/stg-tud/bp2022_netlab/internal/outputgenerators/core.go:263.2,264.16 2 1
github.com/stg-tud/bp2022_netlab/internal/outputgenerators/core.go:267.2,268.16 2 1
github.com/stg-tud/bp2022_netlab/internal/outputgenerators/core.go:272.2,279.16 3 1
github.com/stg-tud/bp2022_netlab/internal/outputgenerators/core.go:282.2,283.16 2 1
github.com/stg-tud/bp2022_netlab/internal/outputgenerators/core.go:287.2,287.37 1 1
github.com/stg-tud/bp2022_netlab/internal/outputgenerators/core.go:242.16,245.3 2 0
github.com/stg-tud/bp2022_netlab/internal/outputgenerators/core.go:247.52,250.3 2 0
github.com/stg-tud/bp2022_netlab/internal/outputgenerators/core.go:253.16,255.3 1 0
github.com/stg-tud/bp2022_netlab/internal/outputgenerators/core.go:256.15,257.43 1 1
github.com/stg-tud/bp2022_netlab/internal/outputgenerators/core.go:257.43,260.4 2 0
github.com/stg-tud/bp2022_netlab/internal/outputgenerators/core.go:264.16,266.3 1 0
github.com/stg-tud/bp2022_netlab/internal/outputgenerators/core.go:268.16,270.3 1 0
github.com/stg-tud/bp2022_netlab/internal/outputgenerators/core.go:279.16,281.3 1 0
github.com/stg-tud/bp2022_netlab/internal/outputgenerators/core.go:283.16,286.3 2 0
github.com/stg-tud/bp2022_netlab/internal/outputgenerators/coreemulab.go:16.35,18.2 1 0
github.com/stg-tud/bp2022_netlab/internal/outputgenerators/coreemulab.go:65.57,68.16 3 1
github.com/stg-tud/bp2022_netlab/internal/outputgenerators/coreemulab.go:72.2,73.52 2 1
github.com/stg-tud/bp2022_netlab/internal/outputgenerators/coreemulab.go:77.2,79.16 3 1
github.com/stg-tud/bp2022_netlab/internal/outputgenerators/coreemulab.go:82.2,82.15 1 1
github.com/stg-tud/bp2022_netlab/internal/outputgenerators/coreemulab.go:89.2,89.16 1 1
github.com/stg-tud/bp2022_netlab/internal/outputgenerators/coreemulab.go:92.2,99.16 7 1
github.com/stg-tud/bp2022_netlab/internal/outputgenerators/coreemulab.go:102.2,103.16 2 1
github.com/stg-tud/bp2022_netlab/internal/outputgenerators/coreemulab.go:107.2,107.37 1 1
github.com/stg-tud/bp2022_netlab/internal/outputgenerators/coreemulab.go:68.16,71.3 2 0
github.com/stg-tud/bp2022_netlab/internal/outputgenerators/coreemulab.go:73.52,76.3 2 0
github.com/stg-tud/bp2022_netlab/internal/outputgenerators/coreemulab.go:79.16,81.3 1 0
github.com/stg-tud/bp2022_netlab/internal/outputgenerators/coreemulab.go:82.15,83.43 1 1
github.com/stg-tud/bp2022_netlab/internal/outputgenerators/coreemulab.go:83.43,86.4 2 0
github.com/stg-tud/bp2022_netlab/internal/outputgenerators/coreemulab.go:89.16,90.13 1 0
github.com/stg-tud/bp2022_netlab/internal/outputgenerators/coreemulab.go:99.16,101.3 1 0
github.com/stg-tud/bp2022_netlab/internal/outputgenerators/coreemulab.go:103.16,106.3 2 0
github.com/stg-tud/bp2022_netlab/internal/parser/field_handling.go:14.127,15.37 1 0
github.com/stg-tud/bp2022_netlab/internal/parser/field_handling.go:67.2,67.12 1 0
github.com/stg-tud/bp2022_netlab/internal/parser/field_handling.go:16.22,18.12 2 0
github.com/stg-tud/bp2022_netlab/internal/parser/field_handling.go:21.3,21.40 1 0
github.com/stg-tud/bp2022_netlab/internal/parser/field_handling.go:23.49,25.12 2 0
github.com/stg-tud/bp2022_netlab/internal/parser/field_handling.go:28.3,28.34 1 0
github.com/stg-tud/bp2022_netlab/internal/parser/field_handling.go:30.52,32.26 2 0
github.com/stg-tud/bp2022_netlab/internal/parser/field_handling.go:35.3,35.43 1 0
github.com/stg-tud/bp2022_netlab/internal/parser/field_handling.go:37.40,39.12 2 0
github.com/stg-tud/bp2022_netlab/internal/parser/field_handling.go:46.3,46.38 1 0
github.com/stg-tud/bp2022_netlab/internal/parser/field_handling.go:48.20,50.11 2 0
github.com/stg-tud/bp2022_netlab/internal/parser/field_handling.go:54.3,55.12 2 0
github.com/stg-tud/bp2022_netlab/internal/parser/field_handling.go:58.3,59.17 2 0
github.com/stg-tud/bp2022_netlab/internal/parser/field_handling.go:62.3,62.36 1 0
github.com/stg-tud/bp2022_netlab/internal/parser/field_handling.go:64.10,65.57 1 0
github.com/stg-tud/bp2022_netlab/internal/parser/field_handling.go:18.12,20.4 1 0
github.com/stg-tud/bp2022_netlab/internal/parser/field_handling.go:25.12,27.4 1 0
github.com/stg-tud/bp2022_netlab/internal/parser/field_handling.go:32.26,34.4 1 0
github.com/stg-tud/bp2022_netlab/internal/parser/field_handling.go:39.12,41.13 2 0
github.com/stg-tud/bp2022_netlab/internal/parser/field_handling.go:44.4,44.30 1 0
github.com/stg-tud/bp2022_netlab/internal/parser/field_handling.go:41.13,43.5 1 0
github.com/stg-tud/bp2022_netlab/internal/parser/field_handling.go:50.11,53.4 2 0
github.com/stg-tud/bp2022_netlab/internal/parser/field_handling.go:55.12,57.4 1 0
github.com/stg-tud/bp2022_netlab/internal/parser/field_handling.go:59.17,61.4 1 0
github.com/stg-tud/bp2022_netlab/internal/parser/field_handling.go:73.156,75.17 2 0
github.com/stg-tud/bp2022_netlab/internal/parser/field_handling.go:92.2,92.37 1 0
github.com/stg-tud/bp2022_netlab/internal/parser/field_handling.go:124.2,124.12 1 0
github.com/stg-tud/bp2022_netlab/internal/parser/field_handling.go:75.17,78.15 3 0
github.com/stg-tud/bp2022_netlab/internal/parser/field_handling.go:82.3,83.17 2 0
github.com/stg-tud/bp2022_netlab/internal/parser/field_handling.go:86.3,86.17 1 0
github.com/stg-tud/bp2022_netlab/internal/parser/field_handling.go:89.3,89.13 1 0
github.com/stg-tud/bp2022_netlab/internal/parser/field_handling.go:78.15,81.4 2 0
github.com/stg-tud/bp2022_netlab/internal/parser/field_handling.go:83.17,85.4 1 0
github.com/stg-tud/bp2022_netlab/internal/parser/field_handling.go:86.17,88.4 1 0
github.com/stg-tud/bp2022_netlab/internal/parser/field_handling.go:93.22,94.43 1 0
github.com/stg-tud/bp2022_netlab/internal/parser/field_handling.go:96.49,98.17 2 0
github.com/stg-tud/bp2022_netlab/internal/parser/field_handling.go:101.3,101.34 1 0
github.com/stg-tud/bp2022_netlab/internal/parser/field_handling.go:103.52,105.17 2 0
github.com/stg-tud/bp2022_netlab/internal/parser/field_handling.go:108.3,108.36 1 0
github.com/stg-tud/bp2022_netlab/internal/parser/field_handling.go:110.40,112.17 2 0
github.com/stg-tud/bp2022_netlab/internal/parser/field_handling.go:115.3,115.38 1 0
github.com/stg-tud/bp2022_netlab/internal/parser/field_handling.go:117.20,119.17 2 0
github.com/stg-tud/bp2022_netlab/internal/parser/field_handling.go:122.3,122.36 1 0
github.com/stg-tud/bp2022_netlab/internal/parser/field_handling.go:98.17,100.4 1 0
github.com/stg-tud/bp2022_netlab/internal/parser/field_handling.go:105.17,107.4 1 0
github.com/stg-tud/bp2022_netlab/internal/parser/field_handling.go:112.17,114.4 1 0
github.com/stg-tud/bp2022_netlab/internal/parser/field_handling.go:119.17,121.4 1 0
github.com/stg-tud/bp2022_netlab/internal/parser/field_handling.go:129.150,131.44 1 0
github.com/stg-tud/bp2022_netlab/internal/parser/field_handling.go:137.2,137.48 1 0
github.com/stg-tud/bp2022_netlab/internal/parser/field_handling.go:149.2,149.12 1 0
github.com/stg-tud/bp2022_netlab/internal/parser/field_handling.go:131.44,134.3 2 0
github.com/stg-tud/bp2022_netlab/internal/parser/field_handling.go:137.48,139.51 2 0
github.com/stg-tud/bp2022_netlab/internal/parser/field_handling.go:145.3,145.17 1 0
github.com/stg-tud/bp2022_netlab/internal/parser/field_handling.go:139.51,142.4 2 0
github.com/stg-tud/bp2022_netlab/internal/parser/field_handling.go:142.9,144.4 1 0
github.com/stg-tud/bp2022_netlab/internal/parser/field_handling.go:145.17,147.4 1 0
github.com/stg-tud/bp2022_netlab/internal/parser/field_handling.go:158.59,163.38 4 0
github.com/stg-tud/bp2022_netlab/internal/parser/field_handling.go:178.2,178.20 1 0
github.com/stg-tud/bp2022_netlab/internal/parser/field_handling.go:163.38,167.13 4 0
github.com/stg-tud/bp2022_netlab/internal/parser/field_handling.go:171.3,173.17 3 0
github.com/stg-tud/bp2022_netlab/internal/parser/field_handling.go:167.13,169.12 2 0
github.com/stg-tud/bp2022_netlab/internal/parser/field_handling.go:173.17,175.4 1 0
github.com/stg-tud/bp2022_netlab/cmd/generate.go:32.13,36.2 3 1
github.com/stg-tud/bp2022_netlab/cmd/generate.go:39.67,42.22 3 0
github.com/stg-tud/bp2022_netlab/cmd/generate.go:43.34,44.38 1 0
github.com/stg-tud/bp2022_netlab/cmd/generate.go:46.37,47.36 1 0
github.com/stg-tud/bp2022_netlab/cmd/generate.go:49.74,50.42 1 0
github.com/stg-tud/bp2022_netlab/cmd/generate.go:52.10,53.51 1 0
github.com/stg-tud/bp2022_netlab/cmd/generate.go:58.66,60.31 2 0
github.com/stg-tud/bp2022_netlab/cmd/generate.go:71.2,72.16 2 0
github.com/stg-tud/bp2022_netlab/cmd/generate.go:60.31,62.49 2 0
github.com/stg-tud/bp2022_netlab/cmd/generate.go:62.49,64.18 2 0
github.com/stg-tud/bp2022_netlab/cmd/generate.go:68.4,68.37 1 0
github.com/stg-tud/bp2022_netlab/cmd/generate.go:64.18,66.13 2 0
github.com/stg-tud/bp2022_netlab/cmd/generate.go:76.102,77.15 1 0
github.com/stg-tud/bp2022_netlab/cmd/generate.go:78.29,79.38 1 0
github.com/stg-tud/bp2022_netlab/cmd/generate.go:81.35,82.44 1 0
github.com/stg-tud/bp2022_netlab/cmd/generate.go:84.31,85.40 1 0
github.com/stg-tud/bp2022_netlab/cmd/generate.go:87.10,88.84 1 0
github.com/stg-tud/bp2022_netlab/cmd/generate.go:93.90,95.37 2 0
github.com/stg-tud/bp2022_netlab/cmd/generate.go:106.2,106.43 1 0
github.com/stg-tud/bp2022_netlab/cmd/generate.go:114.2,114.11 1 0
github.com/stg-tud/bp2022_netlab/cmd/generate.go:120.2,122.51 3 0
github.com/stg-tud/bp2022_netlab/cmd/generate.go:129.2,130.32 2 0
github.com/stg-tud/bp2022_netlab/cmd/generate.go:95.37,97.17 2 0
github.com/stg-tud/bp2022_netlab/cmd/generate.go:100.3,101.44 2 0
github.com/stg-tud/bp2022_netlab/cmd/generate.go:97.17,98.12 1 0
github.com/stg-tud/bp2022_netlab/cmd/generate.go:101.44,104.4 2 0
github.com/stg-tud/bp2022_netlab/cmd/generate.go:106.43,108.16 2 0
github.com/stg-tud/bp2022_netlab/cmd/generate.go:108.16,111.9 3 0
github.com/stg-tud/bp2022_netlab/cmd/generate.go:114.11,117.3 2 0
github.com/stg-tud/bp2022_netlab/cmd/generate.go:122.51,123.54 1 0
github.com/stg-tud/bp2022_netlab/cmd/generate.go:123.54,126.4 2 0
github.com/stg-tud/bp2022_netlab/cmd/generate.go:134.50,142.16 6 0
github.com/stg-tud/bp2022_netlab/cmd/generate.go:147.2,152.51 4 0
github.com/stg-tud/bp2022_netlab/cmd/generate.go:156.2,156.25 1 0
github.com/stg-tud/bp2022_netlab/cmd/generate.go:142.16,145.3 2 0
github.com/stg-tud/bp2022_netlab/cmd/generate.go:152.51,154.3 1 0
github.com/stg-tud/bp2022_netlab/internal/movementpatterns/static.go:5.31,7.2 1 0
github.com/stg-tud/bp2022_netlab/internal/networktypes/hub.go:6.28,8.2 1 0
github.com/stg-tud/bp2022_netlab/internal/networktypes/hub.go:11.26,13.2 1 1
github.com/stg-tud/bp2022_netlab/internal/networktypes/wireless_lan.go:19.36,21.2 1 0
github.com/stg-tud/bp2022_netlab/internal/networktypes/wireless_lan.go:24.42,33.2 1 1
github.com/stg-tud/bp2022_netlab/internal/experiment/network.go:16.85,17.20 1 1
github.com/stg-tud/bp2022_netlab/internal/experiment/network.go:20.2,23.8 1 1
github.com/stg-tud/bp2022_netlab/internal/experiment/network.go:17.20,19.3 1 0
github.com/stg-tud/bp2022_netlab/internal/experiment/network.go:27.54,29.2 1 0
github.com/stg-tud/bp2022_netlab/internal/logging/logger.go:17.30,20.18 3 0
github.com/stg-tud/bp2022_netlab/internal/logging/logger.go:25.2,37.16 11 0
github.com/stg-tud/bp2022_netlab/internal/logging/logger.go:40.2,41.16 2 0
github.com/stg-tud/bp2022_netlab/internal/logging/logger.go:44.2,48.47 4 0
github.com/stg-tud/bp2022_netlab/internal/logging/logger.go:20.18,23.3 2 0
github.com/stg-tud/bp2022_netlab/internal/logging/logger.go:37.16,38.13 1 0
github.com/stg-tud/bp2022_netlab/internal/logging/logger.go:41.16,42.13 1 0
github.com/stg-tud/bp2022_netlab/cmd/netlab.go:29.13,33.2 3 1
github.com/stg-tud/bp2022_netlab/cmd/netlab.go:35.22,37.2 1 0
github.com/stg-tud/bp2022_netlab/main.go:10.13,12.16 2 0
github.com/stg-tud/bp2022_netlab/main.go:12.16,15.3 2 0
github.com/stg-tud/bp2022_netlab/internal/eventgeneratortypes/messageeventgenerator.go:18.46,20.2 1 0
github.com/stg-tud/bp2022_netlab/internal/eventgeneratortypes/messageeventgenerator.go:23.62,43.2 1 1
github.com/stg-tud/bp2022_netlab/internal/networktypes/wireless.go:23.33,25.2 1 0
github.com/stg-tud/bp2022_netlab/internal/networktypes/wireless.go:28.36,39.2 1 1
github.com/stg-tud/bp2022_netlab/internal/experiment/random.go:11.33,18.2 6 0
github.com/stg-tud/bp2022_netlab/internal/experiment/random.go:21.51,25.2 3 0
github.com/stg-tud/bp2022_netlab/internal/experiment/targets.go:15.33,16.11 1 1
github.com/stg-tud/bp2022_netlab/internal/experiment/targets.go:17.18,18.16 1 1
github.com/stg-tud/bp2022_netlab/internal/experiment/targets.go:19.20,20.19 1 1
github.com/stg-tud/bp2022_netlab/internal/experiment/targets.go:22.24,23.23 1 0
github.com/stg-tud/bp2022_netlab/internal/experiment/targets.go:25.10,26.26 1 0
github.com/stg-tud/bp2022_netlab/internal/folderstructure/filesystemescape.go:6.44,9.2 2 1
github.com/stg-tud/bp2022_netlab/internal/outputgenerators/bonnmotion.go:30.35,32.2 1 0
github.com/stg-tud/bp2022_netlab/internal/outputgenerators/bonnmotion.go:35.64,36.11 1 1
github.com/stg-tud/bp2022_netlab/internal/outputgenerators/bonnmotion.go:37.31,38.28 1 1
github.com/stg-tud/bp2022_netlab/internal/outputgenerators/bonnmotion.go:40.29,41.24 1 1
github.com/stg-tud/bp2022_netlab/internal/outputgenerators/bonnmotion.go:43.10,44.19 1 0
github.com/stg-tud/bp2022_netlab/internal/outputgenerators/bonnmotion.go:49.65,52.2 2 0
github.com/stg-tud/bp2022_netlab/internal/outputgenerators/bonnmotion.go:54.103,55.32 1 0
github.com/stg-tud/bp2022_netlab/internal/outputgenerators/bonnmotion.go:56.39,57.14 1 0
github.com/stg-tud/bp2022_netlab/internal/outputgenerators/bonnmotion.go:59.10,60.15 1 0
github.com/stg-tud/bp2022_netlab/internal/outputgenerators/bonnmotion.go:65.112,73.2 2 1
github.com/stg-tud/bp2022_netlab/internal/outputgenerators/bonnmotion.go:76.105,84.2 1 1
github.com/stg-tud/bp2022_netlab/internal/outputgenerators/bonnmotion.go:87.53,91.16 4 1
github.com/stg-tud/bp2022_netlab/internal/outputgenerators/bonnmotion.go:95.2,95.15 1 1
github.com/stg-tud/bp2022_netlab/internal/outputgenerators/bonnmotion.go:101.2,102.16 2 1
github.com/stg-tud/bp2022_netlab/internal/outputgenerators/bonnmotion.go:106.2,109.34 3 1
github.com/stg-tud/bp2022_netlab/internal/outputgenerators/bonnmotion.go:113.2,114.12 2 0
github.com/stg-tud/bp2022_netlab/internal/outputgenerators/bonnmotion.go:91.16,94.3 2 0
github.com/stg-tud/bp2022_netlab/internal/outputgenerators/bonnmotion.go:95.15,96.44 1 1
github.com/stg-tud/bp2022_netlab/internal/outputgenerators/bonnmotion.go:96.44,99.4 2 0
github.com/stg-tud/bp2022_netlab/internal/outputgenerators/bonnmotion.go:102.16,105.3 2 0
github.com/stg-tud/bp2022_netlab/internal/outputgenerators/bonnmotion.go:109.34,112.3 2 1
github.com/stg-tud/bp2022_netlab/internal/outputgenerators/bonnmotion.go:118.112,126.16 6 1
github.com/stg-tud/bp2022_netlab/internal/outputgenerators/bonnmotion.go:126.16,128.3 1 0
github.com/stg-tud/bp2022_netlab/internal/outputgenerators/bonnmotion.go:132.101,135.16 3 1
github.com/stg-tud/bp2022_netlab/internal/outputgenerators/bonnmotion.go:139.2,144.16 3 1
github.com/stg-tud/bp2022_netlab/internal/outputgenerators/bonnmotion.go:135.16,138.3 2 0
github.com/stg-tud/bp2022_netlab/internal/outputgenerators/bonnmotion.go:144.16,146.3 1 0
github.com/stg-tud/bp2022_netlab/internal/outputgenerators/bonnmotion.go:150.57,153.16 3 1
github.com/stg-tud/bp2022_netlab/internal/outputgenerators/bonnmotion.go:157.2,161.29 4 1
github.com/stg-tud/bp2022_netlab/internal/outputgenerators/bonnmotion.go:165.2,165.43 1 1
github.com/stg-tud/bp2022_netlab/internal/outputgenerators/bonnmotion.go:182.2,182.37 1 1
github.com/stg-tud/bp2022_netlab/internal/outputgenerators/bonnmotion.go:153.16,156.3 2 0
github.com/stg-tud/bp2022_netlab/internal/outputgenerators/bonnmotion.go:161.29,164.3 2 0
github.com/stg-tud/bp2022_netlab/internal/outputgenerators/bonnmotion.go:165.43,167.118 2 1
github.com/stg-tud/bp2022_netlab/internal/outputgenerators/bonnmotion.go:171.3,171.41 1 1
github.com/stg-tud/bp2022_netlab/internal/outputgenerators/bonnmotion.go:178.3,178.38 1 1
github.com/stg-tud/bp2022_netlab/internal/outputgenerators/bonnmotion.go:167.118,170.4 2 0
github.com/stg-tud/bp2022_netlab/internal/outputgenerators/bonnmotion.go:172.40,173.53 1 1
github.com/stg-tud/bp2022_netlab/internal/outputgenerators/bonnmotion.go:174.11,176.12 2 1
github.com/stg-tud/bp2022_netlab/internal/outputgenerators/bonnmotion.go:178.38,180.4 1 1
github.com/stg-tud/bp2022_netlab/internal/movementpatterns/random_waypoint.go:9.39,11.2 1 0
github.com/stg-tud/bp2022_netlab/internal/experiment/nodegroup.go:31.67,32.22 1 1
github.com/stg-tud/bp2022_netlab/internal/experiment/nodegroup.go:35.2,35.18 1 1
github.com/stg-tud/bp2022_netlab/internal/experiment/nodegroup.go:39.2,42.17 4 1
github.com/stg-tud/bp2022_netlab/internal/experiment/nodegroup.go:32.22,34.3 1 0
github.com/stg-tud/bp2022_netlab/internal/experiment/nodegroup.go:35.18,37.3 1 0
github.com/stg-tud/bp2022_netlab/internal/folderstructure/outputfolder.go:16.78,18.39 2 1
github.com/stg-tud/bp2022_netlab/internal/folderstructure/outputfolder.go:21.2,21.21 1 1
github.com/stg-tud/bp2022_netlab/internal/folderstructure/outputfolder.go:18.39,20.3 1 1
github.com/stg-tud/bp2022_netlab/internal/folderstructure/outputfolder.go:25.96,29.16 4 1
github.com/stg-tud/bp2022_netlab/internal/folderstructure/outputfolder.go:32.2,32.26 1 1
github.com/stg-tud/bp2022_netlab/internal/folderstructure/outputfolder.go:29.16,31.3 1 0
github.com/stg-tud/bp2022_netlab/internal/parser/event_generators.go:46.93,51.42 4 0
github.com/stg-tud/bp2022_netlab/internal/parser/event_generators.go:76.2,76.20 1 0
github.com/stg-tud/bp2022_netlab/internal/parser/event_generators.go:51.42,53.17 2 0
github.com/stg-tud/bp2022_netlab/internal/parser/event_generators.go:57.3,58.13 2 0
github.com/stg-tud/bp2022_netlab/internal/parser/event_generators.go:61.3,64.17 3 0
github.com/stg-tud/bp2022_netlab/internal/parser/event_generators.go:68.3,69.17 2 0
github.com/stg-tud/bp2022_netlab/internal/parser/event_generators.go:73.3,73.48 1 0
github.com/stg-tud/bp2022_netlab/internal/parser/event_generators.go:53.17,55.4 1 0
github.com/stg-tud/bp2022_netlab/internal/parser/event_generators.go:58.13,60.4 1 0
github.com/stg-tud/bp2022_netlab/internal/parser/event_generators.go:64.17,66.4 1 0
github.com/stg-tud/bp2022_netlab/internal/parser/event_generators.go:69.17,71.4 1 0
github.com/stg-tud/bp2022_netlab/internal/parser/event_generators.go:80.171,84.16 3 0
github.com/stg-tud/bp2022_netlab/internal/parser/event_generators.go:88.2,88.31 1 0
github.com/stg-tud/bp2022_netlab/internal/parser/event_generators.go:91.2,92.12 2 0
github.com/stg-tud/bp2022_netlab/internal/parser/event_generators.go:95.2,98.16 3 0
github.com/stg-tud/bp2022_netlab/internal/parser/event_generators.go:102.2,103.16 2 0
github.com/stg-tud/bp2022_netlab/internal/parser/event_generators.go:107.2,108.16 2 0
github.com/stg-tud/bp2022_netlab/internal/parser/event_generators.go:112.2,113.16 2 0
github.com/stg-tud/bp2022_netlab/internal/parser/event_generators.go:117.2,117.45 1 0
github.com/stg-tud/bp2022_netlab/internal/parser/event_generators.go:84.16,86.3 1 0
github.com/stg-tud/bp2022_netlab/internal/parser/event_generators.go:88.31,90.3 1 0
github.com/stg-tud/bp2022_netlab/internal/parser/event_generators.go:92.12,94.3 1 0
github.com/stg-tud/bp2022_netlab/internal/parser/event_generators.go:98.16,100.3 1 0
github.com/stg-tud/bp2022_netlab/internal/parser/event_generators.go:103.16,105.3 1 0
github.com/stg-tud/bp2022_netlab/internal/parser/event_generators.go:108.16,110.3 1 0
github.com/stg-tud/bp2022_netlab/internal/parser/event_generators.go:113.16,115.3 1 0
github.com/stg-tud/bp2022_netlab/internal/parser/event_generators.go:118.100,120.17 2 0
github.com/stg-tud/bp2022_netlab/internal/parser/event_generators.go:123.3,128.21 6 0
github.com/stg-tud/bp2022_netlab/internal/parser/event_generators.go:130.100,132.17 2 0
github.com/stg-tud/bp2022_netlab/internal/parser/event_generators.go:135.3,140.21 6 0
github.com/stg-tud/bp2022_netlab/internal/parser/event_generators.go:142.10,143.89 1 0
github.com/stg-tud/bp2022_netlab/internal/parser/event_generators.go:120.17,122.4 1 0
github.com/stg-tud/bp2022_netlab/internal/parser/event_generators.go:132.17,134.4 1 0
github.com/stg-tud/bp2022_netlab/internal/parser/event_generators.go:148.103,149.22 1 0
github.com/stg-tud/bp2022_netlab/internal/parser/event_generators.go:152.2,152.20 1 0
github.com/stg-tud/bp2022_netlab/internal/parser/event_generators.go:155.2,155.17 1 0
github.com/stg-tud/bp2022_netlab/internal/parser/event_generators.go:149.22,151.3 1 0
github.com/stg-tud/bp2022_netlab/internal/parser/event_generators.go:152.20,154.3 1 0
github.com/stg-tud/bp2022_netlab/test/generate_output.go:10.13,26.51 6 0
github.com/stg-tud/bp2022_netlab/test/generate_output.go:30.2,30.25 1 0
github.com/stg-tud/bp2022_netlab/test/generate_output.go:26.51,28.3 1 0
github.com/stg-tud/bp2022_netlab/internal/parser/parser.go:12.63,17.16 4 0
github.com/stg-tud/bp2022_netlab/internal/parser/parser.go:21.2,21.23 1 0
github.com/stg-tud/bp2022_netlab/internal/parser/parser.go:17.16,19.3 1 0
github.com/stg-tud/bp2022_netlab/internal/parser/parser.go:25.61,31.16 5 0
github.com/stg-tud/bp2022_netlab/internal/parser/parser.go:35.2,36.16 2 0
github.com/stg-tud/bp2022_netlab/internal/parser/parser.go:40.2,41.16 2 0
github.com/stg-tud/bp2022_netlab/internal/parser/parser.go:44.2,47.16 3 0
github.com/stg-tud/bp2022_netlab/internal/parser/parser.go:50.2,53.16 3 0
github.com/stg-tud/bp2022_netlab/internal/parser/parser.go:56.2,58.20 2 0
github.com/stg-tud/bp2022_netlab/internal/parser/parser.go:31.16,33.3 1 0
github.com/stg-tud/bp2022_netlab/internal/parser/parser.go:36.16,38.3 1 0
github.com/stg-tud/bp2022_netlab/internal/parser/parser.go:41.16,43.3 1 0
github.com/stg-tud/bp2022_netlab/internal/parser/parser.go:47.16,49.3 1 0
github.com/stg-tud/bp2022_netlab/internal/parser/parser.go:53.16,55.3 1 0
github.com/stg-tud/bp2022_netlab/internal/networktypes/switch.go:6.31,8.2 1 0
github.com/stg-tud/bp2022_netlab/internal/networktypes/switch.go:11.32,13.2 1 1
github.com/stg-tud/bp2022_netlab/internal/experiment/nodetype.go:13.35,14.11 1 0
github.com/stg-tud/bp2022_netlab/internal/experiment/nodetype.go:15.18,16.14 1 0
github.com/stg-tud/bp2022_netlab/internal/experiment/nodetype.go:18.22,19.18 1 0
github.com/stg-tud/bp2022_netlab/internal/experiment/nodetype.go:21.10,22.12 1 0
github.com/stg-tud/bp2022_netlab/internal/parser/networks.go:37.72,41.34 3 0
github.com/stg-tud/bp2022_netlab/internal/parser/networks.go:67.2,67.20 1 0
github.com/stg-tud/bp2022_netlab/internal/parser/networks.go:41.34,44.17 3 0
github.com/stg-tud/bp2022_netlab/internal/parser/networks.go:48.3,49.13 2 0
github.com/stg-tud/bp2022_netlab/internal/parser/networks.go:52.3,55.17 3 0
github.com/stg-tud/bp2022_netlab/internal/parser/networks.go:59.3,60.17 2 0
github.com/stg-tud/bp2022_netlab/internal/parser/networks.go:64.3,64.41 1 0
github.com/stg-tud/bp2022_netlab/internal/parser/networks.go:44.17,46.4 1 0
github.com/stg-tud/bp2022_netlab/internal/parser/networks.go:49.13,51.4 1 0
github.com/stg-tud/bp2022_netlab/internal/parser/networks.go:55.17,57.4 1 0
github.com/stg-tud/bp2022_netlab/internal/parser/networks.go:60.17,62.4 1 0
github.com/stg-tud/bp2022_netlab/internal/parser/networks.go:71.97,74.38 3 0
github.com/stg-tud/bp2022_netlab/internal/parser/networks.go:94.2,94.16 1 0
github.com/stg-tud/bp2022_netlab/internal/parser/networks.go:97.2,97.20 1 0
github.com/stg-tud/bp2022_netlab/internal/parser/networks.go:75.15,76.70 1 0
github.com/stg-tud/bp2022_netlab/internal/parser/networks.go:78.13,79.68 1 0
github.com/stg-tud/bp2022_netlab/internal/parser/networks.go:81.16,82.71 1 0
github.com/stg-tud/bp2022_netlab/internal/parser/networks.go:84.18,85.73 1 0
github.com/stg-tud/bp2022_netlab/internal/parser/networks.go:87.69,88.76 1 0
github.com/stg-tud/bp2022_netlab/internal/parser/networks.go:90.10,91.74 1 0
github.com/stg-tud/bp2022_netlab/internal/parser/networks.go:94.16,96.3 1 0
github.com/stg-tud/bp2022_netlab/internal/parser/node_groups.go:33.106,37.36 3 0
github.com/stg-tud/bp2022_netlab/internal/parser/node_groups.go:72.2,72.20 1 0
github.com/stg-tud/bp2022_netlab/internal/parser/node_groups.go:37.36,39.17 2 0
github.com/stg-tud/bp2022_netlab/internal/parser/node_groups.go:43.3,44.13 2 0
github.com/stg-tud/bp2022_netlab/internal/parser/node_groups.go:47.3,50.17 3 0
github.com/stg-tud/bp2022_netlab/internal/parser/node_groups.go:54.3,55.17 2 0
github.com/stg-tud/bp2022_netlab/internal/parser/node_groups.go:59.3,60.17 2 0
github.com/stg-tud/bp2022_netlab/internal/parser/node_groups.go:64.3,65.17 2 0
github.com/stg-tud/bp2022_netlab/internal/parser/node_groups.go:69.3,69.43 1 0
github.com/stg-tud/bp2022_netlab/internal/parser/node_groups.go:39.17,41.4 1 0
github.com/stg-tud/bp2022_netlab/internal/parser/node_groups.go:44.13,46.4 1 0
github.com/stg-tud/bp2022_netlab/internal/parser/node_groups.go:50.17,52.4 1 0
github.com/stg-tud/bp2022_netlab/internal/parser/node_groups.go:55.17,57.4 1 0
github.com/stg-tud/bp2022_netlab/internal/parser/node_groups.go:60.17,62.4 1 0
github.com/stg-tud/bp2022_netlab/internal/parser/node_groups.go:65.17,67.4 1 0
github.com/stg-tud/bp2022_netlab/internal/parser/node_groups.go:76.64,77.32 1 0
github.com/stg-tud/bp2022_netlab/internal/parser/node_groups.go:78.42,79.36 1 0
github.com/stg-tud/bp2022_netlab/internal/parser/node_groups.go:81.16,82.40 1 0
github.com/stg-tud/bp2022_netlab/internal/parser/node_groups.go:84.10,85.61 1 0
github.com/stg-tud/bp2022_netlab/internal/parser/node_groups.go:90.104,94.39 4 0
github.com/stg-tud/bp2022_netlab/internal/parser/node_groups.go:99.2,99.36 1 0
github.com/stg-tud/bp2022_netlab/internal/parser/node_groups.go:111.2,111.20 1 0
github.com/stg-tud/bp2022_netlab/internal/parser/node_groups.go:94.39,97.3 2 0
github.com/stg-tud/bp2022_netlab/internal/parser/node_groups.go:99.36,102.14 3 0
github.com/stg-tud/bp2022_netlab/internal/parser/node_groups.go:105.3,105.16 1 0
github.com/stg-tud/bp2022_netlab/internal/parser/node_groups.go:108.3,109.54 2 0
github.com/stg-tud/bp2022_netlab/internal/parser/node_groups.go:102.14,104.4 1 0
github.com/stg-tud/bp2022_netlab/internal/parser/node_groups.go:105.16,106.12 1 0
github.com/stg-tud/bp2022_netlab/internal/parser/node_groups.go:115.103,116.32 1 0
github.com/stg-tud/bp2022_netlab/internal/parser/node_groups.go:117.72,118.78 1 0
github.com/stg-tud/bp2022_netlab/internal/parser/node_groups.go:120.24,121.70 1 0
github.com/stg-tud/bp2022_netlab/internal/parser/node_groups.go:123.10,124.91 1 0
github.com/stg-tud/bp2022_netlab/cmd/test.go:24.46,27.16 3 0
github.com/stg-tud/bp2022_netlab/cmd/test.go:36.2,36.27 1 0
github.com/stg-tud/bp2022_netlab/cmd/test.go:27.16,31.13 4 0
github.com/stg-tud/bp2022_netlab/cmd/test.go:34.3,34.9 1 0
github.com/stg-tud/bp2022_netlab/cmd/test.go:31.13,33.4 1 0
github.com/stg-tud/bp2022_netlab/internal/outputgenerators/debug.go:19.30,21.2 1 0
github.com/stg-tud/bp2022_netlab/internal/outputgenerators/debug.go:24.50,27.16 3 1
github.com/stg-tud/bp2022_netlab/internal/outputgenerators/debug.go:31.2,32.16 2 1
github.com/stg-tud/bp2022_netlab/internal/outputgenerators/debug.go:36.2,37.52 2 1
github.com/stg-tud/bp2022_netlab/internal/outputgenerators/debug.go:41.2,43.16 3 1
github.com/stg-tud/bp2022_netlab/internal/outputgenerators/debug.go:47.2,47.37 1 1
github.com/stg-tud/bp2022_netlab/internal/outputgenerators/debug.go:27.16,30.3 2 0
github.com/stg-tud/bp2022_netlab/internal/outputgenerators/debug.go:32.16,35.3 2 0
github.com/stg-tud/bp2022_netlab/internal/outputgenerators/debug.go:37.52,40.3 2 0
github.com/stg-tud/bp2022_netlab/internal/outputgenerators/debug.go:43.16,46.3 2 0
github.com/stg-tud/bp2022_netlab/internal/eventgeneratortypes/messageeventgenerator.go:18.46,20.2 1 0
github.com/stg-tud/bp2022_netlab/internal/eventgeneratortypes/messageeventgenerator.go:23.62,43.2 1 0
github.com/stg-tud/bp2022_netlab/internal/outputgenerators/coreemulab.go:16.35,18.2 1 0
github.com/stg-tud/bp2022_netlab/internal/outputgenerators/coreemulab.go:65.57,68.16 3 0
github.com/stg-tud/bp2022_netlab/internal/outputgenerators/coreemulab.go:72.2,73.52 2 0
github.com/stg-tud/bp2022_netlab/internal/outputgenerators/coreemulab.go:77.2,79.16 3 0
github.com/stg-tud/bp2022_netlab/internal/outputgenerators/coreemulab.go:82.2,82.15 1 0
github.com/stg-tud/bp2022_netlab/internal/outputgenerators/coreemulab.go:89.2,89.16 1 0
github.com/stg-tud/bp2022_netlab/internal/outputgenerators/coreemulab.go:92.2,99.16 7 0
github.com/stg-tud/bp2022_netlab/internal/outputgenerators/coreemulab.go:102.2,103.16 2 0
github.com/stg-tud/bp2022_netlab/internal/outputgenerators/coreemulab.go:107.2,107.37 1 0
github.com/stg-tud/bp2022_netlab/internal/outputgenerators/coreemulab.go:68.16,71.3 2 0
github.com/stg-tud/bp2022_netlab/internal/outputgenerators/coreemulab.go:73.52,76.3 2 0
github.com/stg-tud/bp2022_netlab/internal/outputgenerators/coreemulab.go:79.16,81.3 1 0
github.com/stg-tud/bp2022_netlab/internal/outputgenerators/coreemulab.go:82.15,83.43 1 0
github.com/stg-tud/bp2022_netlab/internal/outputgenerators/coreemulab.go:83.43,86.4 2 0
github.com/stg-tud/bp2022_netlab/internal/outputgenerators/coreemulab.go:89.16,90.13 1 0
github.com/stg-tud/bp2022_netlab/internal/outputgenerators/coreemulab.go:99.16,101.3 1 0
github.com/stg-tud/bp2022_netlab/internal/outputgenerators/coreemulab.go:103.16,106.3 2 0
github.com/stg-tud/bp2022_netlab/internal/parser/field_handling.go:14.127,15.37 1 0
github.com/stg-tud/bp2022_netlab/internal/parser/field_handling.go:67.2,67.12 1 0
github.com/stg-tud/bp2022_netlab/internal/parser/field_handling.go:16.22,18.12 2 0
github.com/stg-tud/bp2022_netlab/internal/parser/field_handling.go:21.3,21.40 1 0
github.com/stg-tud/bp2022_netlab/internal/parser/field_handling.go:23.49,25.12 2 0
github.com/stg-tud/bp2022_netlab/internal/parser/field_handling.go:28.3,28.34 1 0
github.com/stg-tud/bp2022_netlab/internal/parser/field_handling.go:30.52,32.26 2 0
github.com/stg-tud/bp2022_netlab/internal/parser/field_handling.go:35.3,35.43 1 0
github.com/stg-tud/bp2022_netlab/internal/parser/field_handling.go:37.40,39.12 2 0
github.com/stg-tud/bp2022_netlab/internal/parser/field_handling.go:46.3,46.38 1 0
github.com/stg-tud/bp2022_netlab/internal/parser/field_handling.go:48.20,50.11 2 0
github.com/stg-tud/bp2022_netlab/internal/parser/field_handling.go:54.3,55.12 2 0
github.com/stg-tud/bp2022_netlab/internal/parser/field_handling.go:58.3,59.17 2 0
github.com/stg-tud/bp2022_netlab/internal/parser/field_handling.go:62.3,62.36 1 0
github.com/stg-tud/bp2022_netlab/internal/parser/field_handling.go:64.10,65.57 1 0
github.com/stg-tud/bp2022_netlab/internal/parser/field_handling.go:18.12,20.4 1 0
github.com/stg-tud/bp2022_netlab/internal/parser/field_handling.go:25.12,27.4 1 0
github.com/stg-tud/bp2022_netlab/internal/parser/field_handling.go:32.26,34.4 1 0
github.com/stg-tud/bp2022_netlab/internal/parser/field_handling.go:39.12,41.13 2 0
github.com/stg-tud/bp2022_netlab/internal/parser/field_handling.go:44.4,44.30 1 0
github.com/stg-tud/bp2022_netlab/internal/parser/field_handling.go:41.13,43.5 1 0
github.com/stg-tud/bp2022_netlab/internal/parser/field_handling.go:50.11,53.4 2 0
github.com/stg-tud/bp2022_netlab/internal/parser/field_handling.go:55.12,57.4 1 0
github.com/stg-tud/bp2022_netlab/internal/parser/field_handling.go:59.17,61.4 1 0
github.com/stg-tud/bp2022_netlab/internal/parser/field_handling.go:73.156,75.17 2 0
github.com/stg-tud/bp2022_netlab/internal/parser/field_handling.go:92.2,92.37 1 0
github.com/stg-tud/bp2022_netlab/internal/parser/field_handling.go:124.2,124.12 1 0
github.com/stg-tud/bp2022_netlab/internal/parser/field_handling.go:75.17,78.15 3 0
github.com/stg-tud/bp2022_netlab/internal/parser/field_handling.go:82.3,83.17 2 0
github.com/stg-tud/bp2022_netlab/internal/parser/field_handling.go:86.3,86.17 1 0
github.com/stg-tud/bp2022_netlab/internal/parser/field_handling.go:89.3,89.13 1 0
github.com/stg-tud/bp2022_netlab/internal/parser/field_handling.go:78.15,81.4 2 0
github.com/stg-tud/bp2022_netlab/internal/parser/field_handling.go:83.17,85.4 1 0
github.com/stg-tud/bp2022_netlab/internal/parser/field_handling.go:86.17,88.4 1 0
github.com/stg-tud/bp2022_netlab/internal/parser/field_handling.go:93.22,94.43 1 0
github.com/stg-tud/bp2022_netlab/internal/parser/field_handling.go:96.49,98.17 2 0
github.com/stg-tud/bp2022_netlab/internal/parser/field_handling.go:101.3,101.34 1 0
github.com/stg-tud/bp2022_netlab/internal/parser/field_handling.go:103.52,105.17 2 0
github.com/stg-tud/bp2022_netlab/internal/parser/field_handling.go:108.3,108.36 1 0
github.com/stg-tud/bp2022_netlab/internal/parser/field_handling.go:110.40,112.17 2 0
github.com/stg-tud/bp2022_netlab/internal/parser/field_handling.go:115.3,115.38 1 0
github.com/stg-tud/bp2022_netlab/internal/parser/field_handling.go:117.20,119.17 2 0
github.com/stg-tud/bp2022_netlab/internal/parser/field_handling.go:122.3,122.36 1 0
github.com/stg-tud/bp2022_netlab/internal/parser/field_handling.go:98.17,100.4 1 0
github.com/stg-tud/bp2022_netlab/internal/parser/field_handling.go:105.17,107.4 1 0
github.com/stg-tud/bp2022_netlab/internal/parser/field_handling.go:112.17,114.4 1 0
github.com/stg-tud/bp2022_netlab/internal/parser/field_handling.go:119.17,121.4 1 0
github.com/stg-tud/bp2022_netlab/internal/parser/field_handling.go:129.150,131.44 1 0
github.com/stg-tud/bp2022_netlab/internal/parser/field_handling.go:137.2,137.48 1 0
github.com/stg-tud/bp2022_netlab/internal/parser/field_handling.go:149.2,149.12 1 0
github.com/stg-tud/bp2022_netlab/internal/parser/field_handling.go:131.44,134.3 2 0
github.com/stg-tud/bp2022_netlab/internal/parser/field_handling.go:137.48,139.51 2 0
github.com/stg-tud/bp2022_netlab/internal/parser/field_handling.go:145.3,145.17 1 0
github.com/stg-tud/bp2022_netlab/internal/parser/field_handling.go:139.51,142.4 2 0
github.com/stg-tud/bp2022_netlab/internal/parser/field_handling.go:142.9,144.4 1 0
github.com/stg-tud/bp2022_netlab/internal/parser/field_handling.go:145.17,147.4 1 0
github.com/stg-tud/bp2022_netlab/internal/parser/field_handling.go:158.59,163.38 4 0
github.com/stg-tud/bp2022_netlab/internal/parser/field_handling.go:178.2,178.20 1 0
github.com/stg-tud/bp2022_netlab/internal/parser/field_handling.go:163.38,167.13 4 0
github.com/stg-tud/bp2022_netlab/internal/parser/field_handling.go:171.3,173.17 3 0
github.com/stg-tud/bp2022_netlab/internal/parser/field_handling.go:167.13,169.12 2 0
github.com/stg-tud/bp2022_netlab/internal/parser/field_handling.go:173.17,175.4 1 0
github.com/stg-tud/bp2022_netlab/internal/folderstructure/outputfolder.go:16.78,18.39 2 1
github.com/stg-tud/bp2022_netlab/internal/folderstructure/outputfolder.go:21.2,21.21 1 1
github.com/stg-tud/bp2022_netlab/internal/folderstructure/outputfolder.go:18.39,20.3 1 1
github.com/stg-tud/bp2022_netlab/internal/folderstructure/outputfolder.go:25.96,29.16 4 1
github.com/stg-tud/bp2022_netlab/internal/folderstructure/outputfolder.go:32.2,32.26 1 1
github.com/stg-tud/bp2022_netlab/internal/folderstructure/outputfolder.go:29.16,31.3 1 0
github.com/stg-tud/bp2022_netlab/internal/movementpatterns/random_waypoint.go:9.39,11.2 1 0
github.com/stg-tud/bp2022_netlab/internal/networktypes/wireless.go:23.33,25.2 1 0
github.com/stg-tud/bp2022_netlab/internal/networktypes/wireless.go:28.36,39.2 1 1
github.com/stg-tud/bp2022_netlab/internal/experiment/example_data.go:10.40,52.2 22 1
github.com/stg-tud/bp2022_netlab/internal/experiment/random.go:11.33,18.2 6 1
github.com/stg-tud/bp2022_netlab/internal/experiment/random.go:21.51,25.2 3 0
github.com/stg-tud/bp2022_netlab/internal/parser/parser.go:12.63,17.16 4 0
github.com/stg-tud/bp2022_netlab/internal/parser/parser.go:21.2,21.23 1 0
github.com/stg-tud/bp2022_netlab/internal/parser/parser.go:17.16,19.3 1 0
github.com/stg-tud/bp2022_netlab/internal/parser/parser.go:25.61,31.16 5 0
github.com/stg-tud/bp2022_netlab/internal/parser/parser.go:35.2,36.16 2 0
github.com/stg-tud/bp2022_netlab/internal/parser/parser.go:40.2,41.16 2 0
github.com/stg-tud/bp2022_netlab/internal/parser/parser.go:44.2,47.16 3 0
github.com/stg-tud/bp2022_netlab/internal/parser/parser.go:50.2,53.16 3 0
github.com/stg-tud/bp2022_netlab/internal/parser/parser.go:56.2,58.20 2 0
github.com/stg-tud/bp2022_netlab/internal/parser/parser.go:31.16,33.3 1 0
github.com/stg-tud/bp2022_netlab/internal/parser/parser.go:36.16,38.3 1 0
github.com/stg-tud/bp2022_netlab/internal/parser/parser.go:41.16,43.3 1 0
github.com/stg-tud/bp2022_netlab/internal/parser/parser.go:47.16,49.3 1 0
github.com/stg-tud/bp2022_netlab/internal/parser/parser.go:53.16,55.3 1 0
github.com/stg-tud/bp2022_netlab/internal/folderstructure/filesystemescape.go:6.44,9.2 2 1
github.com/stg-tud/bp2022_netlab/internal/networktypes/hub.go:6.28,8.2 1 0
github.com/stg-tud/bp2022_netlab/internal/networktypes/hub.go:11.26,13.2 1 0
github.com/stg-tud/bp2022_netlab/internal/parser/experiment.go:44.83,48.16 3 0
github.com/stg-tud/bp2022_netlab/internal/parser/experiment.go:52.2,58.34 7 0
github.com/stg-tud/bp2022_netlab/internal/parser/experiment.go:63.2,64.16 2 0
github.com/stg-tud/bp2022_netlab/internal/parser/experiment.go:67.2,69.28 2 0
github.com/stg-tud/bp2022_netlab/internal/parser/experiment.go:73.2,73.20 1 0
github.com/stg-tud/bp2022_netlab/internal/parser/experiment.go:48.16,50.3 1 0
github.com/stg-tud/bp2022_netlab/internal/parser/experiment.go:58.34,61.3 2 0
github.com/stg-tud/bp2022_netlab/internal/parser/experiment.go:64.16,66.3 1 0
github.com/stg-tud/bp2022_netlab/internal/parser/experiment.go:69.28,71.3 1 0
github.com/stg-tud/bp2022_netlab/internal/parser/experiment.go:77.55,79.37 2 0
github.com/stg-tud/bp2022_netlab/internal/parser/experiment.go:91.2,91.15 1 0
github.com/stg-tud/bp2022_netlab/internal/parser/experiment.go:79.37,80.40 1 0
github.com/stg-tud/bp2022_netlab/internal/parser/experiment.go:81.38,82.50 1 0
github.com/stg-tud/bp2022_netlab/internal/parser/experiment.go:83.75,84.56 1 0
github.com/stg-tud/bp2022_netlab/internal/parser/experiment.go:85.35,86.52 1 0
github.com/stg-tud/bp2022_netlab/internal/parser/experiment.go:87.11,88.82 1 0
github.com/stg-tud/bp2022_netlab/cmd/netlab.go:29.13,33.2 3 1
github.com/stg-tud/bp2022_netlab/cmd/netlab.go:35.22,37.2 1 0
github.com/stg-tud/bp2022_netlab/internal/eventgeneratortypes/messageburstgenerator.go:18.46,20.2 1 0
github.com/stg-tud/bp2022_netlab/internal/eventgeneratortypes/messageburstgenerator.go:23.62,43.2 1 0
github.com/stg-tud/bp2022_netlab/internal/networktypes/emane.go:6.30,8.2 1 0
github.com/stg-tud/bp2022_netlab/internal/networktypes/emane.go:11.30,13.2 1 0
github.com/stg-tud/bp2022_netlab/internal/networktypes/wireless_lan.go:19.36,21.2 1 0
github.com/stg-tud/bp2022_netlab/internal/networktypes/wireless_lan.go:24.42,33.2 1 1
github.com/stg-tud/bp2022_netlab/internal/parser/networks.go:37.72,41.34 3 0
github.com/stg-tud/bp2022_netlab/internal/parser/networks.go:67.2,67.20 1 0
github.com/stg-tud/bp2022_netlab/internal/parser/networks.go:41.34,44.17 3 0
github.com/stg-tud/bp2022_netlab/internal/parser/networks.go:48.3,49.13 2 0
github.com/stg-tud/bp2022_netlab/internal/parser/networks.go:52.3,55.17 3 0
github.com/stg-tud/bp2022_netlab/internal/parser/networks.go:59.3,60.17 2 0
github.com/stg-tud/bp2022_netlab/internal/parser/networks.go:64.3,64.41 1 0
github.com/stg-tud/bp2022_netlab/internal/parser/networks.go:44.17,46.4 1 0
github.com/stg-tud/bp2022_netlab/internal/parser/networks.go:49.13,51.4 1 0
github.com/stg-tud/bp2022_netlab/internal/parser/networks.go:55.17,57.4 1 0
github.com/stg-tud/bp2022_netlab/internal/parser/networks.go:60.17,62.4 1 0
github.com/stg-tud/bp2022_netlab/internal/parser/networks.go:71.97,74.38 3 0
github.com/stg-tud/bp2022_netlab/internal/parser/networks.go:94.2,94.16 1 0
github.com/stg-tud/bp2022_netlab/internal/parser/networks.go:97.2,97.20 1 0
github.com/stg-tud/bp2022_netlab/internal/parser/networks.go:75.15,76.70 1 0
github.com/stg-tud/bp2022_netlab/internal/parser/networks.go:78.13,79.68 1 0
github.com/stg-tud/bp2022_netlab/internal/parser/networks.go:81.16,82.71 1 0
github.com/stg-tud/bp2022_netlab/internal/parser/networks.go:84.18,85.73 1 0
github.com/stg-tud/bp2022_netlab/internal/parser/networks.go:87.69,88.76 1 0
github.com/stg-tud/bp2022_netlab/internal/parser/networks.go:90.10,91.74 1 0
github.com/stg-tud/bp2022_netlab/internal/parser/networks.go:94.16,96.3 1 0
github.com/stg-tud/bp2022_netlab/internal/movementpatterns/static.go:5.31,7.2 1 0
github.com/stg-tud/bp2022_netlab/internal/experiment/nodegroup.go:31.67,32.22 1 1
github.com/stg-tud/bp2022_netlab/internal/experiment/nodegroup.go:35.2,35.18 1 1
github.com/stg-tud/bp2022_netlab/internal/experiment/nodegroup.go:39.2,42.17 4 1
github.com/stg-tud/bp2022_netlab/internal/experiment/nodegroup.go:32.22,34.3 1 0
github.com/stg-tud/bp2022_netlab/internal/experiment/nodegroup.go:35.18,37.3 1 0
github.com/stg-tud/bp2022_netlab/internal/logging/logger.go:17.30,20.18 3 0
github.com/stg-tud/bp2022_netlab/internal/logging/logger.go:25.2,37.16 11 0
github.com/stg-tud/bp2022_netlab/internal/logging/logger.go:40.2,41.16 2 0
github.com/stg-tud/bp2022_netlab/internal/logging/logger.go:44.2,48.47 4 0
github.com/stg-tud/bp2022_netlab/internal/logging/logger.go:20.18,23.3 2 0
github.com/stg-tud/bp2022_netlab/internal/logging/logger.go:37.16,38.13 1 0
github.com/stg-tud/bp2022_netlab/internal/logging/logger.go:41.16,42.13 1 0
github.com/stg-tud/bp2022_netlab/internal/outputgenerators/debug.go:19.30,21.2 1 0
github.com/stg-tud/bp2022_netlab/internal/outputgenerators/debug.go:24.50,27.16 3 0
github.com/stg-tud/bp2022_netlab/internal/outputgenerators/debug.go:31.2,32.16 2 0
github.com/stg-tud/bp2022_netlab/internal/outputgenerators/debug.go:36.2,37.52 2 0
github.com/stg-tud/bp2022_netlab/internal/outputgenerators/debug.go:41.2,43.16 3 0
github.com/stg-tud/bp2022_netlab/internal/outputgenerators/debug.go:47.2,47.37 1 0
github.com/stg-tud/bp2022_netlab/internal/outputgenerators/debug.go:27.16,30.3 2 0
github.com/stg-tud/bp2022_netlab/internal/outputgenerators/debug.go:32.16,35.3 2 0
github.com/stg-tud/bp2022_netlab/internal/outputgenerators/debug.go:37.52,40.3 2 0
github.com/stg-tud/bp2022_netlab/internal/outputgenerators/debug.go:43.16,46.3 2 0
github.com/stg-tud/bp2022_netlab/cmd/generate.go:32.13,36.2 3 1
github.com/stg-tud/bp2022_netlab/cmd/generate.go:39.67,42.22 3 0
github.com/stg-tud/bp2022_netlab/cmd/generate.go:43.34,44.38 1 0
github.com/stg-tud/bp2022_netlab/cmd/generate.go:46.37,47.36 1 0
github.com/stg-tud/bp2022_netlab/cmd/generate.go:49.74,50.42 1 0
github.com/stg-tud/bp2022_netlab/cmd/generate.go:52.10,53.51 1 0
github.com/stg-tud/bp2022_netlab/cmd/generate.go:58.66,60.31 2 0
github.com/stg-tud/bp2022_netlab/cmd/generate.go:71.2,72.16 2 0
github.com/stg-tud/bp2022_netlab/cmd/generate.go:60.31,62.49 2 0
github.com/stg-tud/bp2022_netlab/cmd/generate.go:62.49,64.18 2 0
github.com/stg-tud/bp2022_netlab/cmd/generate.go:68.4,68.37 1 0
github.com/stg-tud/bp2022_netlab/cmd/generate.go:64.18,66.13 2 0
github.com/stg-tud/bp2022_netlab/cmd/generate.go:76.102,77.15 1 0
github.com/stg-tud/bp2022_netlab/cmd/generate.go:78.29,79.38 1 0
github.com/stg-tud/bp2022_netlab/cmd/generate.go:81.35,82.44 1 0
github.com/stg-tud/bp2022_netlab/cmd/generate.go:84.31,85.40 1 0
github.com/stg-tud/bp2022_netlab/cmd/generate.go:87.10,88.84 1 0
github.com/stg-tud/bp2022_netlab/cmd/generate.go:93.90,95.37 2 0
github.com/stg-tud/bp2022_netlab/cmd/generate.go:106.2,106.43 1 0
github.com/stg-tud/bp2022_netlab/cmd/generate.go:114.2,114.11 1 0
github.com/stg-tud/bp2022_netlab/cmd/generate.go:120.2,122.51 3 0
github.com/stg-tud/bp2022_netlab/cmd/generate.go:129.2,130.32 2 0
github.com/stg-tud/bp2022_netlab/cmd/generate.go:95.37,97.17 2 0
github.com/stg-tud/bp2022_netlab/cmd/generate.go:100.3,101.44 2 0
github.com/stg-tud/bp2022_netlab/cmd/generate.go:97.17,98.12 1 0
github.com/stg-tud/bp2022_netlab/cmd/generate.go:101.44,104.4 2 0
github.com/stg-tud/bp2022_netlab/cmd/generate.go:106.43,108.16 2 0
github.com/stg-tud/bp2022_netlab/cmd/generate.go:108.16,111.9 3 0
github.com/stg-tud/bp2022_netlab/cmd/generate.go:114.11,117.3 2 0
github.com/stg-tud/bp2022_netlab/cmd/generate.go:122.51,123.54 1 0
github.com/stg-tud/bp2022_netlab/cmd/generate.go:123.54,126.4 2 0
github.com/stg-tud/bp2022_netlab/cmd/generate.go:134.50,142.16 6 0
github.com/stg-tud/bp2022_netlab/cmd/generate.go:147.2,152.51 4 0
github.com/stg-tud/bp2022_netlab/cmd/generate.go:156.2,156.25 1 0
github.com/stg-tud/bp2022_netlab/cmd/generate.go:142.16,145.3 2 0
github.com/stg-tud/bp2022_netlab/cmd/generate.go:152.51,154.3 1 0
github.com/stg-tud/bp2022_netlab/cmd/test.go:24.46,27.16 3 0
github.com/stg-tud/bp2022_netlab/cmd/test.go:36.2,36.27 1 0
github.com/stg-tud/bp2022_netlab/cmd/test.go:27.16,31.13 4 0
github.com/stg-tud/bp2022_netlab/cmd/test.go:34.3,34.9 1 0
github.com/stg-tud/bp2022_netlab/cmd/test.go:31.13,33.4 1 0
github.com/stg-tud/bp2022_netlab/main.go:10.13,12.16 2 0
github.com/stg-tud/bp2022_netlab/main.go:12.16,15.3 2 0
github.com/stg-tud/bp2022_netlab/internal/folderstructure/existingpaths.go:13.38,15.23 2 1
github.com/stg-tud/bp2022_netlab/internal/folderstructure/existingpaths.go:18.2,19.27 2 1
github.com/stg-tud/bp2022_netlab/internal/folderstructure/existingpaths.go:15.23,17.3 1 1
github.com/stg-tud/bp2022_netlab/internal/experiment/eventgenerator.go:16.120,17.20 1 0
github.com/stg-tud/bp2022_netlab/internal/experiment/eventgenerator.go:20.2,23.8 1 0
github.com/stg-tud/bp2022_netlab/internal/experiment/eventgenerator.go:17.20,19.3 1 0
github.com/stg-tud/bp2022_netlab/internal/experiment/eventgenerator.go:27.68,29.2 1 0
github.com/stg-tud/bp2022_netlab/internal/experiment/nodetype.go:13.35,14.11 1 0
github.com/stg-tud/bp2022_netlab/internal/experiment/nodetype.go:15.18,16.14 1 0
github.com/stg-tud/bp2022_netlab/internal/experiment/nodetype.go:18.22,19.18 1 0
github.com/stg-tud/bp2022_netlab/internal/experiment/nodetype.go:21.10,22.12 1 0
github.com/stg-tud/bp2022_netlab/internal/parser/node_groups.go:33.106,37.36 3 0
github.com/stg-tud/bp2022_netlab/internal/parser/node_groups.go:72.2,72.20 1 0
github.com/stg-tud/bp2022_netlab/internal/parser/node_groups.go:37.36,39.17 2 0
github.com/stg-tud/bp2022_netlab/internal/parser/node_groups.go:43.3,44.13 2 0
github.com/stg-tud/bp2022_netlab/internal/parser/node_groups.go:47.3,50.17 3 0
github.com/stg-tud/bp2022_netlab/internal/parser/node_groups.go:54.3,55.17 2 0
github.com/stg-tud/bp2022_netlab/internal/parser/node_groups.go:59.3,60.17 2 0
github.com/stg-tud/bp2022_netlab/internal/parser/node_groups.go:64.3,65.17 2 0
github.com/stg-tud/bp2022_netlab/internal/parser/node_groups.go:69.3,69.43 1 0
github.com/stg-tud/bp2022_netlab/internal/parser/node_groups.go:39.17,41.4 1 0
github.com/stg-tud/bp2022_netlab/internal/parser/node_groups.go:44.13,46.4 1 0
github.com/stg-tud/bp2022_netlab/internal/parser/node_groups.go:50.17,52.4 1 0
github.com/stg-tud/bp2022_netlab/internal/parser/node_groups.go:55.17,57.4 1 0
github.com/stg-tud/bp2022_netlab/internal/parser/node_groups.go:60.17,62.4 1 0
github.com/stg-tud/bp2022_netlab/internal/parser/node_groups.go:65.17,67.4 1 0
github.com/stg-tud/bp2022_netlab/internal/parser/node_groups.go:76.64,77.32 1 0
github.com/stg-tud/bp2022_netlab/internal/parser/node_groups.go:78.42,79.36 1 0
github.com/stg-tud/bp2022_netlab/internal/parser/node_groups.go:81.16,82.40 1 0
github.com/stg-tud/bp2022_netlab/internal/parser/node_groups.go:84.10,85.61 1 0
github.com/stg-tud/bp2022_netlab/internal/parser/node_groups.go:90.104,94.39 4 0
github.com/stg-tud/bp2022_netlab/internal/parser/node_groups.go:99.2,99.36 1 0
github.com/stg-tud/bp2022_netlab/internal/parser/node_groups.go:111.2,111.20 1 0
github.com/stg-tud/bp2022_netlab/internal/parser/node_groups.go:94.39,97.3 2 0
github.com/stg-tud/bp2022_netlab/internal/parser/node_groups.go:99.36,102.14 3 0
github.com/stg-tud/bp2022_netlab/internal/parser/node_groups.go:105.3,105.16 1 0
github.com/stg-tud/bp2022_netlab/internal/parser/node_groups.go:108.3,109.54 2 0
github.com/stg-tud/bp2022_netlab/internal/parser/node_groups.go:102.14,104.4 1 0
github.com/stg-tud/bp2022_netlab/internal/parser/node_groups.go:105.16,106.12 1 0
github.com/stg-tud/bp2022_netlab/internal/parser/node_groups.go:115.103,116.32 1 0
github.com/stg-tud/bp2022_netlab/internal/parser/node_groups.go:117.72,118.78 1 0
github.com/stg-tud/bp2022_netlab/internal/parser/node_groups.go:120.24,121.70 1 0
github.com/stg-tud/bp2022_netlab/internal/parser/node_groups.go:123.10,124.91 1 0
github.com/stg-tud/bp2022_netlab/internal/experiment/network.go:16.85,17.20 1 1
github.com/stg-tud/bp2022_netlab/internal/experiment/network.go:20.2,23.8 1 1
github.com/stg-tud/bp2022_netlab/internal/experiment/network.go:17.20,19.3 1 0
github.com/stg-tud/bp2022_netlab/internal/experiment/network.go:27.54,29.2 1 0
github.com/stg-tud/bp2022_netlab/internal/experiment/targets.go:15.33,16.11 1 0
github.com/stg-tud/bp2022_netlab/internal/experiment/targets.go:17.18,18.16 1 0
github.com/stg-tud/bp2022_netlab/internal/experiment/targets.go:19.20,20.19 1 0
github.com/stg-tud/bp2022_netlab/internal/experiment/targets.go:22.24,23.23 1 0
github.com/stg-tud/bp2022_netlab/internal/experiment/targets.go:25.10,26.26 1 0
github.com/stg-tud/bp2022_netlab/internal/outputgenerators/bonnmotion.go:30.35,32.2 1 0
github.com/stg-tud/bp2022_netlab/internal/outputgenerators/bonnmotion.go:35.64,36.11 1 0
github.com/stg-tud/bp2022_netlab/internal/outputgenerators/bonnmotion.go:37.31,38.28 1 0
github.com/stg-tud/bp2022_netlab/internal/outputgenerators/bonnmotion.go:40.29,41.24 1 0
github.com/stg-tud/bp2022_netlab/internal/outputgenerators/bonnmotion.go:43.10,44.19 1 0
github.com/stg-tud/bp2022_netlab/internal/outputgenerators/bonnmotion.go:49.65,52.2 2 0
github.com/stg-tud/bp2022_netlab/internal/outputgenerators/bonnmotion.go:54.103,55.32 1 0
github.com/stg-tud/bp2022_netlab/internal/outputgenerators/bonnmotion.go:56.39,57.14 1 0
github.com/stg-tud/bp2022_netlab/internal/outputgenerators/bonnmotion.go:59.10,60.15 1 0
github.com/stg-tud/bp2022_netlab/internal/outputgenerators/bonnmotion.go:65.112,73.2 2 0
github.com/stg-tud/bp2022_netlab/internal/outputgenerators/bonnmotion.go:76.105,84.2 1 0
github.com/stg-tud/bp2022_netlab/internal/outputgenerators/bonnmotion.go:87.53,91.16 4 0
github.com/stg-tud/bp2022_netlab/internal/outputgenerators/bonnmotion.go:95.2,95.15 1 0
github.com/stg-tud/bp2022_netlab/internal/outputgenerators/bonnmotion.go:101.2,102.16 2 0
github.com/stg-tud/bp2022_netlab/internal/outputgenerators/bonnmotion.go:106.2,109.34 3 0
github.com/stg-tud/bp2022_netlab/internal/outputgenerators/bonnmotion.go:113.2,114.12 2 0
github.com/stg-tud/bp2022_netlab/internal/outputgenerators/bonnmotion.go:91.16,94.3 2 0
github.com/stg-tud/bp2022_netlab/internal/outputgenerators/bonnmotion.go:95.15,96.44 1 0
github.com/stg-tud/bp2022_netlab/internal/outputgenerators/bonnmotion.go:96.44,99.4 2 0
github.com/stg-tud/bp2022_netlab/internal/outputgenerators/bonnmotion.go:102.16,105.3 2 0
github.com/stg-tud/bp2022_netlab/internal/outputgenerators/bonnmotion.go:109.34,112.3 2 0
github.com/stg-tud/bp2022_netlab/internal/outputgenerators/bonnmotion.go:118.112,126.16 6 0
github.com/stg-tud/bp2022_netlab/internal/outputgenerators/bonnmotion.go:126.16,128.3 1 0
github.com/stg-tud/bp2022_netlab/internal/outputgenerators/bonnmotion.go:132.101,135.16 3 0
github.com/stg-tud/bp2022_netlab/internal/outputgenerators/bonnmotion.go:139.2,144.16 3 0
github.com/stg-tud/bp2022_netlab/internal/outputgenerators/bonnmotion.go:135.16,138.3 2 0
github.com/stg-tud/bp2022_netlab/internal/outputgenerators/bonnmotion.go:144.16,146.3 1 0
github.com/stg-tud/bp2022_netlab/internal/outputgenerators/bonnmotion.go:150.57,153.16 3 0
github.com/stg-tud/bp2022_netlab/internal/outputgenerators/bonnmotion.go:157.2,161.29 4 0
github.com/stg-tud/bp2022_netlab/internal/outputgenerators/bonnmotion.go:165.2,165.43 1 0
github.com/stg-tud/bp2022_netlab/internal/outputgenerators/bonnmotion.go:182.2,182.37 1 0
github.com/stg-tud/bp2022_netlab/internal/outputgenerators/bonnmotion.go:153.16,156.3 2 0
github.com/stg-tud/bp2022_netlab/internal/outputgenerators/bonnmotion.go:161.29,164.3 2 0
github.com/stg-tud/bp2022_netlab/internal/outputgenerators/bonnmotion.go:165.43,167.118 2 0
github.com/stg-tud/bp2022_netlab/internal/outputgenerators/bonnmotion.go:171.3,171.41 1 0
github.com/stg-tud/bp2022_netlab/internal/outputgenerators/bonnmotion.go:178.3,178.38 1 0
github.com/stg-tud/bp2022_netlab/internal/outputgenerators/bonnmotion.go:167.118,170.4 2 0
github.com/stg-tud/bp2022_netlab/internal/outputgenerators/bonnmotion.go:172.40,173.53 1 0
github.com/stg-tud/bp2022_netlab/internal/outputgenerators/bonnmotion.go:174.11,176.12 2 0
github.com/stg-tud/bp2022_netlab/internal/outputgenerators/bonnmotion.go:178.38,180.4 1 0
github.com/stg-tud/bp2022_netlab/internal/parser/event_generators.go:46.93,51.42 4 0
github.com/stg-tud/bp2022_netlab/internal/parser/event_generators.go:76.2,76.20 1 0
github.com/stg-tud/bp2022_netlab/internal/parser/event_generators.go:51.42,53.17 2 0
github.com/stg-tud/bp2022_netlab/internal/parser/event_generators.go:57.3,58.13 2 0
github.com/stg-tud/bp2022_netlab/internal/parser/event_generators.go:61.3,64.17 3 0
github.com/stg-tud/bp2022_netlab/internal/parser/event_generators.go:68.3,69.17 2 0
github.com/stg-tud/bp2022_netlab/internal/parser/event_generators.go:73.3,73.48 1 0
github.com/stg-tud/bp2022_netlab/internal/parser/event_generators.go:53.17,55.4 1 0
github.com/stg-tud/bp2022_netlab/internal/parser/event_generators.go:58.13,60.4 1 0
github.com/stg-tud/bp2022_netlab/internal/parser/event_generators.go:64.17,66.4 1 0
github.com/stg-tud/bp2022_netlab/internal/parser/event_generators.go:69.17,71.4 1 0
github.com/stg-tud/bp2022_netlab/internal/parser/event_generators.go:80.171,84.16 3 0
github.com/stg-tud/bp2022_netlab/internal/parser/event_generators.go:88.2,88.31 1 0
github.com/stg-tud/bp2022_netlab/internal/parser/event_generators.go:91.2,92.12 2 0
github.com/stg-tud/bp2022_netlab/internal/parser/event_generators.go:95.2,98.16 3 0
github.com/stg-tud/bp2022_netlab/internal/parser/event_generators.go:102.2,103.16 2 0
github.com/stg-tud/bp2022_netlab/internal/parser/event_generators.go:107.2,108.16 2 0
github.com/stg-tud/bp2022_netlab/internal/parser/event_generators.go:112.2,113.16 2 0
github.com/stg-tud/bp2022_netlab/internal/parser/event_generators.go:117.2,117.45 1 0
github.com/stg-tud/bp2022_netlab/internal/parser/event_generators.go:84.16,86.3 1 0
github.com/stg-tud/bp2022_netlab/internal/parser/event_generators.go:88.31,90.3 1 0
github.com/stg-tud/bp2022_netlab/internal/parser/event_generators.go:92.12,94.3 1 0
github.com/stg-tud/bp2022_netlab/internal/parser/event_generators.go:98.16,100.3 1 0
github.com/stg-tud/bp2022_netlab/internal/parser/event_generators.go:103.16,105.3 1 0
github.com/stg-tud/bp2022_netlab/internal/parser/event_generators.go:108.16,110.3 1 0
github.com/stg-tud/bp2022_netlab/internal/parser/event_generators.go:113.16,115.3 1 0
github.com/stg-tud/bp2022_netlab/internal/parser/event_generators.go:118.100,120.17 2 0
github.com/stg-tud/bp2022_netlab/internal/parser/event_generators.go:123.3,128.21 6 0
github.com/stg-tud/bp2022_netlab/internal/parser/event_generators.go:130.100,132.17 2 0
github.com/stg-tud/bp2022_netlab/internal/parser/event_generators.go:135.3,140.21 6 0
github.com/stg-tud/bp2022_netlab/internal/parser/event_generators.go:142.10,143.89 1 0
github.com/stg-tud/bp2022_netlab/internal/parser/event_generators.go:120.17,122.4 1 0
github.com/stg-tud/bp2022_netlab/internal/parser/event_generators.go:132.17,134.4 1 0
github.com/stg-tud/bp2022_netlab/internal/parser/event_generators.go:148.103,149.22 1 0
github.com/stg-tud/bp2022_netlab/internal/parser/event_generators.go:152.2,152.20 1 0
github.com/stg-tud/bp2022_netlab/internal/parser/event_generators.go:155.2,155.17 1 0
github.com/stg-tud/bp2022_netlab/internal/parser/event_generators.go:149.22,151.3 1 0
github.com/stg-tud/bp2022_netlab/internal/parser/event_generators.go:152.20,154.3 1 0
github.com/stg-tud/bp2022_netlab/test/generate_output.go:10.13,26.51 6 0
github.com/stg-tud/bp2022_netlab/test/generate_output.go:30.2,30.25 1 0
github.com/stg-tud/bp2022_netlab/test/generate_output.go:26.51,28.3 1 0
github.com/stg-tud/bp2022_netlab/internal/networktypes/switch.go:6.31,8.2 1 0
github.com/stg-tud/bp2022_netlab/internal/networktypes/switch.go:11.32,13.2 1 1
github.com/stg-tud/bp2022_netlab/internal/outputgenerators/core.go:20.29,22.2 1 0
github.com/stg-tud/bp2022_netlab/internal/outputgenerators/core.go:74.74,77.44 3 0
github.com/stg-tud/bp2022_netlab/internal/outputgenerators/core.go:84.2,84.21 1 0
github.com/stg-tud/bp2022_netlab/internal/outputgenerators/core.go:77.44,80.46 3 0
github.com/stg-tud/bp2022_netlab/internal/outputgenerators/core.go:80.46,82.4 1 0
github.com/stg-tud/bp2022_netlab/internal/outputgenerators/core.go:88.26,91.2 2 0
github.com/stg-tud/bp2022_netlab/internal/outputgenerators/core.go:94.56,96.2 1 0
github.com/stg-tud/bp2022_netlab/internal/outputgenerators/core.go:99.146,102.16 3 0
github.com/stg-tud/bp2022_netlab/internal/outputgenerators/core.go:106.2,110.16 4 0
github.com/stg-tud/bp2022_netlab/internal/outputgenerators/core.go:114.2,117.42 3 0
github.com/stg-tud/bp2022_netlab/internal/outputgenerators/core.go:102.16,105.3 2 0
github.com/stg-tud/bp2022_netlab/internal/outputgenerators/core.go:110.16,113.3 2 0
github.com/stg-tud/bp2022_netlab/internal/outputgenerators/core.go:121.70,122.28 1 0
github.com/stg-tud/bp2022_netlab/internal/outputgenerators/core.go:123.32,124.24 1 0
github.com/stg-tud/bp2022_netlab/internal/outputgenerators/core.go:126.27,127.18 1 0
github.com/stg-tud/bp2022_netlab/internal/outputgenerators/core.go:129.29,130.20 1 0
github.com/stg-tud/bp2022_netlab/internal/outputgenerators/core.go:132.24,133.15 1 0
github.com/stg-tud/bp2022_netlab/internal/outputgenerators/core.go:135.26,136.17 1 0
github.com/stg-tud/bp2022_netlab/internal/outputgenerators/core.go:138.10,139.12 1 0
github.com/stg-tud/bp2022_netlab/internal/outputgenerators/core.go:144.63,145.20 1 0
github.com/stg-tud/bp2022_netlab/internal/outputgenerators/core.go:146.33,147.18 1 0
github.com/stg-tud/bp2022_netlab/internal/outputgenerators/core.go:149.29,150.14 1 0
github.com/stg-tud/bp2022_netlab/internal/outputgenerators/core.go:152.10,153.12 1 0
github.com/stg-tud/bp2022_netlab/internal/outputgenerators/core.go:158.109,162.30 4 0
github.com/stg-tud/bp2022_netlab/internal/outputgenerators/core.go:182.2,182.38 1 0
github.com/stg-tud/bp2022_netlab/internal/outputgenerators/core.go:162.30,181.3 7 0
github.com/stg-tud/bp2022_netlab/internal/outputgenerators/core.go:186.147,189.44 3 0
github.com/stg-tud/bp2022_netlab/internal/outputgenerators/core.go:201.2,209.17 2 0
github.com/stg-tud/bp2022_netlab/internal/outputgenerators/core.go:189.44,199.3 3 0
github.com/stg-tud/bp2022_netlab/internal/outputgenerators/core.go:213.122,216.43 3 0
github.com/stg-tud/bp2022_netlab/internal/outputgenerators/core.go:232.2,232.21 1 0
github.com/stg-tud/bp2022_netlab/internal/outputgenerators/core.go:216.43,219.55 3 0
github.com/stg-tud/bp2022_netlab/internal/outputgenerators/core.go:223.3,224.62 2 0
github.com/stg-tud/bp2022_netlab/internal/outputgenerators/core.go:219.55,222.4 2 0
github.com/stg-tud/bp2022_netlab/internal/outputgenerators/core.go:224.62,226.18 2 0
github.com/stg-tud/bp2022_netlab/internal/outputgenerators/core.go:229.4,229.34 1 0
github.com/stg-tud/bp2022_netlab/internal/outputgenerators/core.go:226.18,228.5 1 0
github.com/stg-tud/bp2022_netlab/internal/outputgenerators/core.go:236.51,242.16 5 0
github.com/stg-tud/bp2022_netlab/internal/outputgenerators/core.go:246.2,247.52 2 0
github.com/stg-tud/bp2022_netlab/internal/outputgenerators/core.go:251.2,253.16 3 0
github.com/stg-tud/bp2022_netlab/internal/outputgenerators/core.go:256.2,256.15 1 0
github.com/stg-tud/bp2022_netlab/internal/outputgenerators/core.go:263.2,264.16 2 0
github.com/stg-tud/bp2022_netlab/internal/outputgenerators/core.go:267.2,268.16 2 0
github.com/stg-tud/bp2022_netlab/internal/outputgenerators/core.go:272.2,279.16 3 0
github.com/stg-tud/bp2022_netlab/internal/outputgenerators/core.go:282.2,283.16 2 0
github.com/stg-tud/bp2022_netlab/internal/outputgenerators/core.go:287.2,287.37 1 0
github.com/stg-tud/bp2022_netlab/internal/outputgenerators/core.go:242.16,245.3 2 0
github.com/stg-tud/bp2022_netlab/internal/outputgenerators/core.go:247.52,250.3 2 0
github.com/stg-tud/bp2022_netlab/internal/outputgenerators/core.go:253.16,255.3 1 0
github.com/stg-tud/bp2022_netlab/internal/outputgenerators/core.go:256.15,257.43 1 0
github.com/stg-tud/bp2022_netlab/internal/outputgenerators/core.go:257.43,260.4 2 0
github.com/stg-tud/bp2022_netlab/internal/outputgenerators/core.go:264.16,266.3 1 0
github.com/stg-tud/bp2022_netlab/internal/outputgenerators/core.go:268.16,270.3 1 0
github.com/stg-tud/bp2022_netlab/internal/outputgenerators/core.go:279.16,281.3 1 0
github.com/stg-tud/bp2022_netlab/internal/outputgenerators/core.go:283.16,286.3 2 0
github.com/stg-tud/bp2022_netlab/internal/outputgenerators/theone.go:56.31,58.2 1 0
github.com/stg-tud/bp2022_netlab/internal/outputgenerators/theone.go:61.24,63.2 1 0
github.com/stg-tud/bp2022_netlab/internal/outputgenerators/theone.go:66.94,67.36 1 0
github.com/stg-tud/bp2022_netlab/internal/outputgenerators/theone.go:68.39,69.26 1 0
github.com/stg-tud/bp2022_netlab/internal/outputgenerators/theone.go:70.31,71.18 1 0
github.com/stg-tud/bp2022_netlab/internal/outputgenerators/theone.go:72.10,73.12 1 0
github.com/stg-tud/bp2022_netlab/internal/outputgenerators/theone.go:78.64,82.47 3 0
github.com/stg-tud/bp2022_netlab/internal/outputgenerators/theone.go:93.2,93.15 1 0
github.com/stg-tud/bp2022_netlab/internal/outputgenerators/theone.go:82.47,92.3 2 0
github.com/stg-tud/bp2022_netlab/internal/outputgenerators/theone.go:98.96,100.42 2 0
github.com/stg-tud/bp2022_netlab/internal/outputgenerators/theone.go:121.2,121.17 1 0
github.com/stg-tud/bp2022_netlab/internal/outputgenerators/theone.go:100.42,103.48 3 0
github.com/stg-tud/bp2022_netlab/internal/outputgenerators/theone.go:113.3,118.34 2 0
github.com/stg-tud/bp2022_netlab/internal/outputgenerators/theone.go:104.33,106.38 2 0
github.com/stg-tud/bp2022_netlab/internal/outputgenerators/theone.go:108.30,110.38 2 0
github.com/stg-tud/bp2022_netlab/internal/outputgenerators/theone.go:125.100,127.56 2 0
github.com/stg-tud/bp2022_netlab/internal/outputgenerators/theone.go:135.2,135.24 1 0
github.com/stg-tud/bp2022_netlab/internal/outputgenerators/theone.go:127.56,134.3 2 0
github.com/stg-tud/bp2022_netlab/internal/outputgenerators/theone.go:139.53,142.16 3 0
github.com/stg-tud/bp2022_netlab/internal/outputgenerators/theone.go:146.2,147.52 2 0
github.com/stg-tud/bp2022_netlab/internal/outputgenerators/theone.go:151.2,153.16 3 0
github.com/stg-tud/bp2022_netlab/internal/outputgenerators/theone.go:157.2,157.15 1 0
github.com/stg-tud/bp2022_netlab/internal/outputgenerators/theone.go:165.2,182.16 5 0
github.com/stg-tud/bp2022_netlab/internal/outputgenerators/theone.go:186.2,187.16 2 0
github.com/stg-tud/bp2022_netlab/internal/outputgenerators/theone.go:191.2,191.37 1 0
github.com/stg-tud/bp2022_netlab/internal/outputgenerators/theone.go:142.16,145.3 2 0
github.com/stg-tud/bp2022_netlab/internal/outputgenerators/theone.go:147.52,150.3 2 0
github.com/stg-tud/bp2022_netlab/internal/outputgenerators/theone.go:153.16,156.3 2 0
github.com/stg-tud/bp2022_netlab/internal/outputgenerators/theone.go:157.15,158.43 1 0
github.com/stg-tud/bp2022_netlab/internal/outputgenerators/theone.go:158.43,160.4 1 0
github.com/stg-tud/bp2022_netlab/internal/outputgenerators/theone.go:182.16,185.3 2 0
github.com/stg-tud/bp2022_netlab/internal/outputgenerators/theone.go:187.16,190.3 2 0
github.com/stg-tud/bp2022_netlab/internal/parser/node_groups.go:33.106,37.36 3 0
github.com/stg-tud/bp2022_netlab/internal/parser/node_groups.go:72.2,72.20 1 0
github.com/stg-tud/bp2022_netlab/internal/parser/node_groups.go:37.36,39.17 2 0
github.com/stg-tud/bp2022_netlab/internal/parser/node_groups.go:43.3,44.13 2 0
github.com/stg-tud/bp2022_netlab/internal/parser/node_groups.go:47.3,50.17 3 0
github.com/stg-tud/bp2022_netlab/internal/parser/node_groups.go:54.3,55.17 2 0
github.com/stg-tud/bp2022_netlab/internal/parser/node_groups.go:59.3,60.17 2 0
github.com/stg-tud/bp2022_netlab/internal/parser/node_groups.go:64.3,65.17 2 0
github.com/stg-tud/bp2022_netlab/internal/parser/node_groups.go:69.3,69.43 1 0
github.com/stg-tud/bp2022_netlab/internal/parser/node_groups.go:39.17,41.4 1 0
github.com/stg-tud/bp2022_netlab/internal/parser/node_groups.go:44.13,46.4 1 0
github.com/stg-tud/bp2022_netlab/internal/parser/node_groups.go:50.17,52.4 1 0
github.com/stg-tud/bp2022_netlab/internal/parser/node_groups.go:55.17,57.4 1 0
github.com/stg-tud/bp2022_netlab/internal/parser/node_groups.go:60.17,62.4 1 0
github.com/stg-tud/bp2022_netlab/internal/parser/node_groups.go:65.17,67.4 1 0
github.com/stg-tud/bp2022_netlab/internal/parser/node_groups.go:76.64,77.32 1 0
github.com/stg-tud/bp2022_netlab/internal/parser/node_groups.go:78.42,79.36 1 0
github.com/stg-tud/bp2022_netlab/internal/parser/node_groups.go:81.16,82.40 1 0
github.com/stg-tud/bp2022_netlab/internal/parser/node_groups.go:84.10,85.61 1 0
github.com/stg-tud/bp2022_netlab/internal/parser/node_groups.go:90.104,94.39 4 0
github.com/stg-tud/bp2022_netlab/internal/parser/node_groups.go:99.2,99.36 1 0
github.com/stg-tud/bp2022_netlab/internal/parser/node_groups.go:111.2,111.20 1 0
github.com/stg-tud/bp2022_netlab/internal/parser/node_groups.go:94.39,97.3 2 0
github.com/stg-tud/bp2022_netlab/internal/parser/node_groups.go:99.36,102.14 3 0
github.com/stg-tud/bp2022_netlab/internal/parser/node_groups.go:105.3,105.16 1 0
github.com/stg-tud/bp2022_netlab/internal/parser/node_groups.go:108.3,109.54 2 0
github.com/stg-tud/bp2022_netlab/internal/parser/node_groups.go:102.14,104.4 1 0
github.com/stg-tud/bp2022_netlab/internal/parser/node_groups.go:105.16,106.12 1 0
github.com/stg-tud/bp2022_netlab/internal/parser/node_groups.go:115.103,116.32 1 0
github.com/stg-tud/bp2022_netlab/internal/parser/node_groups.go:117.72,118.78 1 0
github.com/stg-tud/bp2022_netlab/internal/parser/node_groups.go:120.24,121.70 1 0
github.com/stg-tud/bp2022_netlab/internal/parser/node_groups.go:123.10,124.91 1 0
github.com/stg-tud/bp2022_netlab/internal/eventgeneratortypes/messageburstgenerator.go:18.46,20.2 1 1
github.com/stg-tud/bp2022_netlab/internal/eventgeneratortypes/messageburstgenerator.go:23.62,43.2 1 1
github.com/stg-tud/bp2022_netlab/internal/networktypes/wireless.go:23.33,25.2 1 1
github.com/stg-tud/bp2022_netlab/internal/networktypes/wireless.go:28.36,39.2 1 1
github.com/stg-tud/bp2022_netlab/internal/folderstructure/existingpaths.go:13.38,15.23 2 0
github.com/stg-tud/bp2022_netlab/internal/folderstructure/existingpaths.go:18.2,19.27 2 0
github.com/stg-tud/bp2022_netlab/internal/folderstructure/existingpaths.go:15.23,17.3 1 0
github.com/stg-tud/bp2022_netlab/internal/parser/event_generators.go:46.93,51.42 4 0
github.com/stg-tud/bp2022_netlab/internal/parser/event_generators.go:76.2,76.20 1 0
github.com/stg-tud/bp2022_netlab/internal/parser/event_generators.go:51.42,53.17 2 0
github.com/stg-tud/bp2022_netlab/internal/parser/event_generators.go:57.3,58.13 2 0
github.com/stg-tud/bp2022_netlab/internal/parser/event_generators.go:61.3,64.17 3 0
github.com/stg-tud/bp2022_netlab/internal/parser/event_generators.go:68.3,69.17 2 0
github.com/stg-tud/bp2022_netlab/internal/parser/event_generators.go:73.3,73.48 1 0
github.com/stg-tud/bp2022_netlab/internal/parser/event_generators.go:53.17,55.4 1 0
github.com/stg-tud/bp2022_netlab/internal/parser/event_generators.go:58.13,60.4 1 0
github.com/stg-tud/bp2022_netlab/internal/parser/event_generators.go:64.17,66.4 1 0
github.com/stg-tud/bp2022_netlab/internal/parser/event_generators.go:69.17,71.4 1 0
github.com/stg-tud/bp2022_netlab/internal/parser/event_generators.go:80.171,84.16 3 0
github.com/stg-tud/bp2022_netlab/internal/parser/event_generators.go:88.2,88.31 1 0
github.com/stg-tud/bp2022_netlab/internal/parser/event_generators.go:91.2,92.12 2 0
github.com/stg-tud/bp2022_netlab/internal/parser/event_generators.go:95.2,98.16 3 0
github.com/stg-tud/bp2022_netlab/internal/parser/event_generators.go:102.2,103.16 2 0
github.com/stg-tud/bp2022_netlab/internal/parser/event_generators.go:107.2,108.16 2 0
github.com/stg-tud/bp2022_netlab/internal/parser/event_generators.go:112.2,113.16 2 0
github.com/stg-tud/bp2022_netlab/internal/parser/event_generators.go:117.2,117.45 1 0
github.com/stg-tud/bp2022_netlab/internal/parser/event_generators.go:84.16,86.3 1 0
github.com/stg-tud/bp2022_netlab/internal/parser/event_generators.go:88.31,90.3 1 0
github.com/stg-tud/bp2022_netlab/internal/parser/event_generators.go:92.12,94.3 1 0
github.com/stg-tud/bp2022_netlab/internal/parser/event_generators.go:98.16,100.3 1 0
github.com/stg-tud/bp2022_netlab/internal/parser/event_generators.go:103.16,105.3 1 0
github.com/stg-tud/bp2022_netlab/internal/parser/event_generators.go:108.16,110.3 1 0
github.com/stg-tud/bp2022_netlab/internal/parser/event_generators.go:113.16,115.3 1 0
github.com/stg-tud/bp2022_netlab/internal/parser/event_generators.go:118.100,120.17 2 0
github.com/stg-tud/bp2022_netlab/internal/parser/event_generators.go:123.3,128.21 6 0
github.com/stg-tud/bp2022_netlab/internal/parser/event_generators.go:130.100,132.17 2 0
github.com/stg-tud/bp2022_netlab/internal/parser/event_generators.go:135.3,140.21 6 0
github.com/stg-tud/bp2022_netlab/internal/parser/event_generators.go:142.10,143.89 1 0
github.com/stg-tud/bp2022_netlab/internal/parser/event_generators.go:120.17,122.4 1 0
github.com/stg-tud/bp2022_netlab/internal/parser/event_generators.go:132.17,134.4 1 0
github.com/stg-tud/bp2022_netlab/internal/parser/event_generators.go:148.103,149.22 1 0
github.com/stg-tud/bp2022_netlab/internal/parser/event_generators.go:152.2,152.20 1 0
github.com/stg-tud/bp2022_netlab/internal/parser/event_generators.go:155.2,155.17 1 0
github.com/stg-tud/bp2022_netlab/internal/parser/event_generators.go:149.22,151.3 1 0
github.com/stg-tud/bp2022_netlab/internal/parser/event_generators.go:152.20,154.3 1 0
github.com/stg-tud/bp2022_netlab/test/generate_output.go:10.13,26.51 6 0
github.com/stg-tud/bp2022_netlab/test/generate_output.go:30.2,30.25 1 0
github.com/stg-tud/bp2022_netlab/test/generate_output.go:26.51,28.3 1 0
github.com/stg-tud/bp2022_netlab/internal/experiment/random.go:11.33,18.2 6 1
github.com/stg-tud/bp2022_netlab/internal/experiment/random.go:21.51,25.2 3 1
github.com/stg-tud/bp2022_netlab/internal/experiment/targets.go:15.33,16.11 1 0
github.com/stg-tud/bp2022_netlab/internal/experiment/targets.go:17.18,18.16 1 0
github.com/stg-tud/bp2022_netlab/internal/experiment/targets.go:19.20,20.19 1 0
github.com/stg-tud/bp2022_netlab/internal/experiment/targets.go:22.24,23.23 1 0
github.com/stg-tud/bp2022_netlab/internal/experiment/targets.go:25.10,26.26 1 0
github.com/stg-tud/bp2022_netlab/internal/logging/logger.go:17.30,20.18 3 0
github.com/stg-tud/bp2022_netlab/internal/logging/logger.go:25.2,37.16 11 0
github.com/stg-tud/bp2022_netlab/internal/logging/logger.go:40.2,41.16 2 0
github.com/stg-tud/bp2022_netlab/internal/logging/logger.go:44.2,48.47 4 0
github.com/stg-tud/bp2022_netlab/internal/logging/logger.go:20.18,23.3 2 0
github.com/stg-tud/bp2022_netlab/internal/logging/logger.go:37.16,38.13 1 0
github.com/stg-tud/bp2022_netlab/internal/logging/logger.go:41.16,42.13 1 0
[...]
github.com/stg-tud/bp2022_netlab/internal/parser/networks.go:48.3,49.13 2 0
github.com/stg-tud/bp2022_netlab/internal/parser/networks.go:52.3,55.17 3 0
github.com/stg-tud/bp2022_netlab/internal/parser/networks.go:59.3,60.17 2 0
github.com/stg-tud/bp2022_netlab/internal/parser/networks.go:64.3,64.41 1 0
github.com/stg-tud/bp2022_netlab/internal/parser/networks.go:44.17,46.4 1 0
github.com/stg-tud/bp2022_netlab/internal/parser/networks.go:49.13,51.4 1 0
github.com/stg-tud/bp2022_netlab/internal/parser/networks.go:55.17,57.4 1 0
github.com/stg-tud/bp2022_netlab/internal/parser/networks.go:60.17,62.4 1 0
github.com/stg-tud/bp2022_netlab/internal/parser/networks.go:71.97,74.38 3 0
github.com/stg-tud/bp2022_netlab/internal/parser/networks.go:94.2,94.16 1 0
github.com/stg-tud/bp2022_netlab/internal/parser/networks.go:97.2,97.20 1 0
github.com/stg-tud/bp2022_netlab/internal/parser/networks.go:75.15,76.70 1 0
github.com/stg-tud/bp2022_netlab/internal/parser/networks.go:78.13,79.68 1 0
github.com/stg-tud/bp2022_netlab/internal/parser/networks.go:81.16,82.71 1 0
github.com/stg-tud/bp2022_netlab/internal/parser/networks.go:84.18,85.73 1 0
github.com/stg-tud/bp2022_netlab/internal/parser/networks.go:87.69,88.76 1 0
github.com/stg-tud/bp2022_netlab/internal/parser/networks.go:90.10,91.74 1 0
github.com/stg-tud/bp2022_netlab/internal/parser/networks.go:94.16,96.3 1 0
github.com/stg-tud/bp2022_netlab/cmd/netlab.go:29.13,33.2 3 1
github.com/stg-tud/bp2022_netlab/cmd/netlab.go:35.22,37.2 1 0
github.com/stg-tud/bp2022_netlab/internal/experiment/eventgenerator.go:16.120,17.20 1 1
github.com/stg-tud/bp2022_netlab/internal/experiment/eventgenerator.go:20.2,23.8 1 1
github.com/stg-tud/bp2022_netlab/internal/experiment/eventgenerator.go:17.20,19.3 1 1
github.com/stg-tud/bp2022_netlab/internal/experiment/eventgenerator.go:27.68,29.2 1 1
github.com/stg-tud/bp2022_netlab/internal/experiment/example_data.go:10.40,52.2 22 0
github.com/stg-tud/bp2022_netlab/internal/movementpatterns/static.go:5.31,7.2 1 0
github.com/stg-tud/bp2022_netlab/internal/folderstructure/filesystemescape.go:6.44,9.2 2 0
github.com/stg-tud/bp2022_netlab/internal/parser/experiment.go:44.83,48.16 3 0
github.com/stg-tud/bp2022_netlab/internal/parser/experiment.go:52.2,58.34 7 0
github.com/stg-tud/bp2022_netlab/internal/parser/experiment.go:63.2,64.16 2 0
github.com/stg-tud/bp2022_netlab/internal/parser/experiment.go:67.2,69.28 2 0
github.com/stg-tud/bp2022_netlab/internal/parser/experiment.go:73.2,73.20 1 0
github.com/stg-tud/bp2022_netlab/internal/parser/experiment.go:48.16,50.3 1 0
github.com/stg-tud/bp2022_netlab/internal/parser/experiment.go:58.34,61.3 2 0
github.com/stg-tud/bp2022_netlab/internal/parser/experiment.go:64.16,66.3 1 0
github.com/stg-tud/bp2022_netlab/internal/parser/experiment.go:69.28,71.3 1 0
github.com/stg-tud/bp2022_netlab/internal/parser/experiment.go:77.55,79.37 2 0
github.com/stg-tud/bp2022_netlab/internal/parser/experiment.go:91.2,91.15 1 0
github.com/stg-tud/bp2022_netlab/internal/parser/experiment.go:79.37,80.40 1 0
github.com/stg-tud/bp2022_netlab/internal/parser/experiment.go:81.38,82.50 1 0
github.com/stg-tud/bp2022_netlab/internal/parser/experiment.go:83.75,84.56 1 0
github.com/stg-tud/bp2022_netlab/internal/parser/experiment.go:85.35,86.52 1 0
github.com/stg-tud/bp2022_netlab/internal/parser/experiment.go:87.11,88.82 1 0
github.com/stg-tud/bp2022_netlab/internal/parser/field_handling.go:14.127,15.37 1 0
github.com/stg-tud/bp2022_netlab/internal/parser/field_handling.go:67.2,67.12 1 0
github.com/stg-tud/bp2022_netlab/internal/parser/field_handling.go:16.22,18.12 2 0
github.com/stg-tud/bp2022_netlab/internal/parser/field_handling.go:21.3,21.40 1 0
github.com/stg-tud/bp2022_netlab/internal/parser/field_handling.go:23.49,25.12 2 0
github.com/stg-tud/bp2022_netlab/internal/parser/field_handling.go:28.3,28.34 1 0
github.com/stg-tud/bp2022_netlab/internal/parser/field_handling.go:30.52,32.26 2 0
github.com/stg-tud/bp2022_netlab/internal/parser/field_handling.go:35.3,35.43 1 0
github.com/stg-tud/bp2022_netlab/internal/parser/field_handling.go:37.40,39.12 2 0
github.com/stg-tud/bp2022_netlab/internal/parser/field_handling.go:46.3,46.38 1 0
github.com/stg-tud/bp2022_netlab/internal/parser/field_handling.go:48.20,50.11 2 0
github.com/stg-tud/bp2022_netlab/internal/parser/field_handling.go:54.3,55.12 2 0
github.com/stg-tud/bp2022_netlab/internal/parser/field_handling.go:58.3,59.17 2 0
github.com/stg-tud/bp2022_netlab/internal/parser/field_handling.go:62.3,62.36 1 0
github.com/stg-tud/bp2022_netlab/internal/parser/field_handling.go:64.10,65.57 1 0
github.com/stg-tud/bp2022_netlab/internal/parser/field_handling.go:18.12,20.4 1 0
github.com/stg-tud/bp2022_netlab/internal/parser/field_handling.go:25.12,27.4 1 0
github.com/stg-tud/bp2022_netlab/internal/parser/field_handling.go:32.26,34.4 1 0
github.com/stg-tud/bp2022_netlab/internal/parser/field_handling.go:39.12,41.13 2 0
github.com/stg-tud/bp2022_netlab/internal/parser/field_handling.go:44.4,44.30 1 0
github.com/stg-tud/bp2022_netlab/internal/parser/field_handling.go:41.13,43.5 1 0
github.com/stg-tud/bp2022_netlab/internal/parser/field_handling.go:50.11,53.4 2 0
github.com/stg-tud/bp2022_netlab/internal/parser/field_handling.go:55.12,57.4 1 0
github.com/stg-tud/bp2022_netlab/internal/parser/field_handling.go:59.17,61.4 1 0
github.com/stg-tud/bp2022_netlab/internal/parser/field_handling.go:73.156,75.17 2 0
github.com/stg-tud/bp2022_netlab/internal/parser/field_handling.go:92.2,92.37 1 0
github.com/stg-tud/bp2022_netlab/internal/parser/field_handling.go:124.2,124.12 1 0
github.com/stg-tud/bp2022_netlab/internal/parser/field_handling.go:75.17,78.15 3 0
github.com/stg-tud/bp2022_netlab/internal/parser/field_handling.go:82.3,83.17 2 0
github.com/stg-tud/bp2022_netlab/internal/parser/field_handling.go:86.3,86.17 1 0
github.com/stg-tud/bp2022_netlab/internal/parser/field_handling.go:89.3,89.13 1 0
github.com/stg-tud/bp2022_netlab/internal/parser/field_handling.go:78.15,81.4 2 0
github.com/stg-tud/bp2022_netlab/internal/parser/field_handling.go:83.17,85.4 1 0
github.com/stg-tud/bp2022_netlab/internal/parser/field_handling.go:86.17,88.4 1 0
github.com/stg-tud/bp2022_netlab/internal/parser/field_handling.go:93.22,94.43 1 0
github.com/stg-tud/bp2022_netlab/internal/parser/field_handling.go:96.49,98.17 2 0
github.com/stg-tud/bp2022_netlab/internal/parser/field_handling.go:101.3,101.34 1 0
github.com/stg-tud/bp2022_netlab/internal/parser/field_handling.go:103.52,105.17 2 0
github.com/stg-tud/bp2022_netlab/internal/parser/field_handling.go:108.3,108.36 1 0
github.com/stg-tud/bp2022_netlab/internal/parser/field_handling.go:110.40,112.17 2 0
github.com/stg-tud/bp2022_netlab/internal/parser/field_handling.go:115.3,115.38 1 0
github.com/stg-tud/bp2022_netlab/internal/parser/field_handling.go:117.20,119.17 2 0
github.com/stg-tud/bp2022_netlab/internal/parser/field_handling.go:122.3,122.36 1 0
github.com/stg-tud/bp2022_netlab/internal/parser/field_handling.go:98.17,100.4 1 0
github.com/stg-tud/bp2022_netlab/internal/parser/field_handling.go:105.17,107.4 1 0
github.com/stg-tud/bp2022_netlab/internal/parser/field_handling.go:112.17,114.4 1 0
github.com/stg-tud/bp2022_netlab/internal/parser/field_handling.go:119.17,121.4 1 0
github.com/stg-tud/bp2022_netlab/internal/parser/field_handling.go:129.150,131.44 1 0
github.com/stg-tud/bp2022_netlab/internal/parser/field_handling.go:137.2,137.48 1 0
github.com/stg-tud/bp2022_netlab/internal/parser/field_handling.go:149.2,149.12 1 0
github.com/stg-tud/bp2022_netlab/internal/parser/field_handling.go:131.44,134.3 2 0
github.com/stg-tud/bp2022_netlab/internal/parser/field_handling.go:137.48,139.51 2 0
github.com/stg-tud/bp2022_netlab/internal/parser/field_handling.go:145.3,145.17 1 0
github.com/stg-tud/bp2022_netlab/internal/parser/field_handling.go:139.51,142.4 2 0
github.com/stg-tud/bp2022_netlab/internal/parser/field_handling.go:142.9,144.4 1 0
github.com/stg-tud/bp2022_netlab/internal/parser/field_handling.go:145.17,147.4 1 0
github.com/stg-tud/bp2022_netlab/internal/parser/field_handling.go:158.59,163.38 4 0
github.com/stg-tud/bp2022_netlab/internal/parser/field_handling.go:178.2,178.20 1 0
github.com/stg-tud/bp2022_netlab/internal/parser/field_handling.go:163.38,167.13 4 0
github.com/stg-tud/bp2022_netlab/internal/parser/field_handling.go:171.3,173.17 3 0
github.com/stg-tud/bp2022_netlab/internal/parser/field_handling.go:167.13,169.12 2 0
github.com/stg-tud/bp2022_netlab/internal/parser/field_handling.go:173.17,175.4 1 0
github.com/stg-tud/bp2022_netlab/cmd/generate.go:32.13,36.2 3 1
github.com/stg-tud/bp2022_netlab/cmd/generate.go:39.67,42.22 3 0
github.com/stg-tud/bp2022_netlab/cmd/generate.go:43.34,44.38 1 0
github.com/stg-tud/bp2022_netlab/cmd/generate.go:46.37,47.36 1 0
github.com/stg-tud/bp2022_netlab/cmd/generate.go:49.74,50.42 1 0
github.com/stg-tud/bp2022_netlab/cmd/generate.go:52.10,53.51 1 0
github.com/stg-tud/bp2022_netlab/cmd/generate.go:58.66,60.31 2 0
github.com/stg-tud/bp2022_netlab/cmd/generate.go:71.2,72.16 2 0
github.com/stg-tud/bp2022_netlab/cmd/generate.go:60.31,62.49 2 0
github.com/stg-tud/bp2022_netlab/cmd/generate.go:62.49,64.18 2 0
github.com/stg-tud/bp2022_netlab/cmd/generate.go:68.4,68.37 1 0
github.com/stg-tud/bp2022_netlab/cmd/generate.go:64.18,66.13 2 0
github.com/stg-tud/bp2022_netlab/cmd/generate.go:76.102,77.15 1 0
github.com/stg-tud/bp2022_netlab/cmd/generate.go:78.29,79.38 1 0
github.com/stg-tud/bp2022_netlab/cmd/generate.go:81.35,82.44 1 0
github.com/stg-tud/bp2022_netlab/cmd/generate.go:84.31,85.40 1 0
github.com/stg-tud/bp2022_netlab/cmd/generate.go:87.10,88.84 1 0
github.com/stg-tud/bp2022_netlab/cmd/generate.go:93.90,95.37 2 0
github.com/stg-tud/bp2022_netlab/cmd/generate.go:106.2,106.43 1 0
github.com/stg-tud/bp2022_netlab/cmd/generate.go:114.2,114.11 1 0
github.com/stg-tud/bp2022_netlab/cmd/generate.go:120.2,122.51 3 0
github.com/stg-tud/bp2022_netlab/cmd/generate.go:129.2,130.32 2 0
github.com/stg-tud/bp2022_netlab/cmd/generate.go:95.37,97.17 2 0
github.com/stg-tud/bp2022_netlab/cmd/generate.go:100.3,101.44 2 0
github.com/stg-tud/bp2022_netlab/cmd/generate.go:97.17,98.12 1 0
github.com/stg-tud/bp2022_netlab/cmd/generate.go:101.44,104.4 2 0
github.com/stg-tud/bp2022_netlab/cmd/generate.go:106.43,108.16 2 0
github.com/stg-tud/bp2022_netlab/cmd/generate.go:108.16,111.9 3 0
github.com/stg-tud/bp2022_netlab/cmd/generate.go:114.11,117.3 2 0
github.com/stg-tud/bp2022_netlab/cmd/generate.go:122.51,123.54 1 0
github.com/stg-tud/bp2022_netlab/cmd/generate.go:123.54,126.4 2 0
github.com/stg-tud/bp2022_netlab/cmd/generate.go:134.50,142.16 6 0
github.com/stg-tud/bp2022_netlab/cmd/generate.go:147.2,152.51 4 0
github.com/stg-tud/bp2022_netlab/cmd/generate.go:156.2,156.25 1 0
github.com/stg-tud/bp2022_netlab/cmd/generate.go:142.16,145.3 2 0
github.com/stg-tud/bp2022_netlab/cmd/generate.go:152.51,154.3 1 0
github.com/stg-tud/bp2022_netlab/internal/experiment/nodetype.go:13.35,14.11 1 0
github.com/stg-tud/bp2022_netlab/internal/experiment/nodetype.go:15.18,16.14 1 0
github.com/stg-tud/bp2022_netlab/internal/experiment/nodetype.go:18.22,19.18 1 0
github.com/stg-tud/bp2022_netlab/internal/experiment/nodetype.go:21.10,22.12 1 0
github.com/stg-tud/bp2022_netlab/internal/eventgeneratortypes/messageeventgenerator.go:18.46,20.2 1 1
github.com/stg-tud/bp2022_netlab/internal/eventgeneratortypes/messageeventgenerator.go:23.62,43.2 1 1
github.com/stg-tud/bp2022_netlab/internal/outputgenerators/coreemulab.go:16.35,18.2 1 0
github.com/stg-tud/bp2022_netlab/internal/outputgenerators/coreemulab.go:65.57,68.16 3 0
github.com/stg-tud/bp2022_netlab/internal/outputgenerators/coreemulab.go:72.2,73.52 2 0
github.com/stg-tud/bp2022_netlab/internal/outputgenerators/coreemulab.go:77.2,79.16 3 0
github.com/stg-tud/bp2022_netlab/internal/outputgenerators/coreemulab.go:82.2,82.15 1 0
github.com/stg-tud/bp2022_netlab/internal/outputgenerators/coreemulab.go:89.2,89.16 1 0
github.com/stg-tud/bp2022_netlab/internal/outputgenerators/coreemulab.go:92.2,99.16 7 0
github.com/stg-tud/bp2022_netlab/internal/outputgenerators/coreemulab.go:102.2,103.16 2 0
github.com/stg-tud/bp2022_netlab/internal/outputgenerators/coreemulab.go:107.2,107.37 1 0
github.com/stg-tud/bp2022_netlab/internal/outputgenerators/coreemulab.go:68.16,71.3 2 0
github.com/stg-tud/bp2022_netlab/internal/outputgenerators/coreemulab.go:73.52,76.3 2 0
github.com/stg-tud/bp2022_netlab/internal/outputgenerators/coreemulab.go:79.16,81.3 1 0
github.com/stg-tud/bp2022_netlab/internal/outputgenerators/coreemulab.go:82.15,83.43 1 0
github.com/stg-tud/bp2022_netlab/internal/outputgenerators/coreemulab.go:83.43,86.4 2 0
github.com/stg-tud/bp2022_netlab/internal/outputgenerators/coreemulab.go:89.16,90.13 1 0
github.com/stg-tud/bp2022_netlab/internal/outputgenerators/coreemulab.go:99.16,101.3 1 0
github.com/stg-tud/bp2022_netlab/internal/outputgenerators/coreemulab.go:103.16,106.3 2 0
github.com/stg-tud/bp2022_netlab/internal/parser/parser.go:12.63,17.16 4 0
github.com/stg-tud/bp2022_netlab/internal/parser/parser.go:21.2,21.23 1 0
github.com/stg-tud/bp2022_netlab/internal/parser/parser.go:17.16,19.3 1 0
github.com/stg-tud/bp2022_netlab/internal/parser/parser.go:25.61,31.16 5 0
github.com/stg-tud/bp2022_netlab/internal/parser/parser.go:35.2,36.16 2 0
github.com/stg-tud/bp2022_netlab/internal/parser/parser.go:40.2,41.16 2 0
github.com/stg-tud/bp2022_netlab/internal/parser/parser.go:44.2,47.16 3 0
github.com/stg-tud/bp2022_netlab/internal/parser/parser.go:50.2,53.16 3 0
github.com/stg-tud/bp2022_netlab/internal/parser/parser.go:56.2,58.20 2 0
github.com/stg-tud/bp2022_netlab/internal/parser/parser.go:31.16,33.3 1 0
github.com/stg-tud/bp2022_netlab/internal/parser/parser.go:36.16,38.3 1 0
github.com/stg-tud/bp2022_netlab/internal/parser/parser.go:41.16,43.3 1 0
github.com/stg-tud/bp2022_netlab/internal/parser/parser.go:47.16,49.3 1 0
github.com/stg-tud/bp2022_netlab/internal/parser/parser.go:53.16,55.3 1 0
github.com/stg-tud/bp2022_netlab/internal/experiment/network.go:16.85,17.20 1 1
github.com/stg-tud/bp2022_netlab/internal/experiment/network.go:20.2,23.8 1 1
github.com/stg-tud/bp2022_netlab/internal/experiment/network.go:17.20,19.3 1 1
github.com/stg-tud/bp2022_netlab/internal/experiment/network.go:27.54,29.2 1 1
github.com/stg-tud/bp2022_netlab/cmd/test.go:24.46,27.16 3 0
github.com/stg-tud/bp2022_netlab/cmd/test.go:36.2,36.27 1 0
github.com/stg-tud/bp2022_netlab/cmd/test.go:27.16,31.13 4 0
github.com/stg-tud/bp2022_netlab/cmd/test.go:34.3,34.9 1 0
github.com/stg-tud/bp2022_netlab/cmd/test.go:31.13,33.4 1 0
github.com/stg-tud/bp2022_netlab/main.go:10.13,12.16 2 0
github.com/stg-tud/bp2022_netlab/main.go:12.16,15.3 2 0
github.com/stg-tud/bp2022_netlab/internal/experiment/nodegroup.go:31.67,32.22 1 1
github.com/stg-tud/bp2022_netlab/internal/experiment/nodegroup.go:35.2,35.18 1 1
github.com/stg-tud/bp2022_netlab/internal/experiment/nodegroup.go:39.2,42.17 4 1
github.com/stg-tud/bp2022_netlab/internal/experiment/nodegroup.go:32.22,34.3 1 1
github.com/stg-tud/bp2022_netlab/internal/experiment/nodegroup.go:35.18,37.3 1 1
github.com/stg-tud/bp2022_netlab/internal/networktypes/hub.go:6.28,8.2 1 1
github.com/stg-tud/bp2022_netlab/internal/networktypes/hub.go:11.26,13.2 1 1
github.com/stg-tud/bp2022_netlab/internal/networktypes/switch.go:6.31,8.2 1 1
github.com/stg-tud/bp2022_netlab/internal/networktypes/switch.go:11.32,13.2 1 1
github.com/stg-tud/bp2022_netlab/internal/networktypes/wireless_lan.go:19.36,21.2 1 1
github.com/stg-tud/bp2022_netlab/internal/networktypes/wireless_lan.go:24.42,33.2 1 1
github.com/stg-tud/bp2022_netlab/internal/outputgenerators/bonnmotion.go:30.35,32.2 1 0
github.com/stg-tud/bp2022_netlab/internal/outputgenerators/bonnmotion.go:35.64,36.11 1 0
github.com/stg-tud/bp2022_netlab/internal/outputgenerators/bonnmotion.go:37.31,38.28 1 0
github.com/stg-tud/bp2022_netlab/internal/outputgenerators/bonnmotion.go:40.29,41.24 1 0
github.com/stg-tud/bp2022_netlab/internal/outputgenerators/bonnmotion.go:43.10,44.19 1 0
github.com/stg-tud/bp2022_netlab/internal/outputgenerators/bonnmotion.go:49.65,52.2 2 0
github.com/stg-tud/bp2022_netlab/internal/outputgenerators/bonnmotion.go:54.103,55.32 1 0
github.com/stg-tud/bp2022_netlab/internal/outputgenerators/bonnmotion.go:56.39,57.14 1 0
github.com/stg-tud/bp2022_netlab/internal/outputgenerators/bonnmotion.go:59.10,60.15 1 0
github.com/stg-tud/bp2022_netlab/internal/outputgenerators/bonnmotion.go:65.112,73.2 2 0
github.com/stg-tud/bp2022_netlab/internal/outputgenerators/bonnmotion.go:76.105,84.2 1 0
github.com/stg-tud/bp2022_netlab/internal/outputgenerators/bonnmotion.go:87.53,91.16 4 0
github.com/stg-tud/bp2022_netlab/internal/outputgenerators/bonnmotion.go:95.2,95.15 1 0
github.com/stg-tud/bp2022_netlab/internal/outputgenerators/bonnmotion.go:101.2,102.16 2 0
github.com/stg-tud/bp2022_netlab/internal/outputgenerators/bonnmotion.go:106.2,109.34 3 0
github.com/stg-tud/bp2022_netlab/internal/outputgenerators/bonnmotion.go:113.2,114.12 2 0
github.com/stg-tud/bp2022_netlab/internal/outputgenerators/bonnmotion.go:91.16,94.3 2 0
github.com/stg-tud/bp2022_netlab/internal/outputgenerators/bonnmotion.go:95.15,96.44 1 0
github.com/stg-tud/bp2022_netlab/internal/outputgenerators/bonnmotion.go:96.44,99.4 2 0
github.com/stg-tud/bp2022_netlab/internal/outputgenerators/bonnmotion.go:102.16,105.3 2 0
github.com/stg-tud/bp2022_netlab/internal/outputgenerators/bonnmotion.go:109.34,112.3 2 0
github.com/stg-tud/bp2022_netlab/internal/outputgenerators/bonnmotion.go:118.112,126.16 6 0
github.com/stg-tud/bp2022_netlab/internal/outputgenerators/bonnmotion.go:126.16,128.3 1 0
github.com/stg-tud/bp2022_netlab/internal/outputgenerators/bonnmotion.go:132.101,135.16 3 0
github.com/stg-tud/bp2022_netlab/internal/outputgenerators/bonnmotion.go:139.2,144.16 3 0
github.com/stg-tud/bp2022_netlab/internal/outputgenerators/bonnmotion.go:135.16,138.3 2 0
github.com/stg-tud/bp2022_netlab/internal/outputgenerators/bonnmotion.go:144.16,146.3 1 0
github.com/stg-tud/bp2022_netlab/internal/outputgenerators/bonnmotion.go:150.57,153.16 3 0
github.com/stg-tud/bp2022_netlab/internal/outputgenerators/bonnmotion.go:157.2,161.29 4 0
github.com/stg-tud/bp2022_netlab/internal/outputgenerators/bonnmotion.go:165.2,165.43 1 0
github.com/stg-tud/bp2022_netlab/internal/outputgenerators/bonnmotion.go:182.2,182.37 1 0
github.com/stg-tud/bp2022_netlab/internal/outputgenerators/bonnmotion.go:153.16,156.3 2 0
github.com/stg-tud/bp2022_netlab/internal/outputgenerators/bonnmotion.go:161.29,164.3 2 0
github.com/stg-tud/bp2022_netlab/internal/outputgenerators/bonnmotion.go:165.43,167.118 2 0
github.com/stg-tud/bp2022_netlab/internal/outputgenerators/bonnmotion.go:171.3,171.41 1 0
github.com/stg-tud/bp2022_netlab/internal/outputgenerators/bonnmotion.go:178.3,178.38 1 0
github.com/stg-tud/bp2022_netlab/internal/outputgenerators/bonnmotion.go:167.118,170.4 2 0
github.com/stg-tud/bp2022_netlab/internal/outputgenerators/bonnmotion.go:172.40,173.53 1 0
github.com/stg-tud/bp2022_netlab/internal/outputgenerators/bonnmotion.go:174.11,176.12 2 0
github.com/stg-tud/bp2022_netlab/internal/outputgenerators/bonnmotion.go:178.38,180.4 1 0
github.com/stg-tud/bp2022_netlab/internal/outputgenerators/debug.go:19.30,21.2 1 0
github.com/stg-tud/bp2022_netlab/internal/outputgenerators/debug.go:24.50,27.16 3 0
github.com/stg-tud/bp2022_netlab/internal/outputgenerators/debug.go:31.2,32.16 2 0
github.com/stg-tud/bp2022_netlab/internal/outputgenerators/debug.go:36.2,37.52 2 0
github.com/stg-tud/bp2022_netlab/internal/outputgenerators/debug.go:41.2,43.16 3 0
github.com/stg-tud/bp2022_netlab/internal/outputgenerators/debug.go:47.2,47.37 1 0
github.com/stg-tud/bp2022_netlab/internal/outputgenerators/debug.go:27.16,30.3 2 0
github.com/stg-tud/bp2022_netlab/internal/outputgenerators/debug.go:32.16,35.3 2 0
github.com/stg-tud/bp2022_netlab/internal/outputgenerators/debug.go:37.52,40.3 2 0
github.com/stg-tud/bp2022_netlab/internal/outputgenerators/debug.go:43.16,46.3 2 0
